<?xml version="1.0" encoding="UTF-8"?>
<coverage generated="1775053348225" clover="3.2.0">
  <project timestamp="1775053348226" name="All files">
    <metrics statements="691" coveredstatements="611" conditionals="718" coveredconditionals="488" methods="100" coveredmethods="78" elements="1509" coveredelements="1177" complexity="0" loc="691" ncloc="691" packages="2" files="27" classes="27"/>
    <package name="fixtures.flowable">
      <metrics statements="0" coveredstatements="0" conditionals="0" coveredconditionals="0" methods="0" coveredmethods="0"/>
      <file name="legacy-async-retry.bpmn" path="/home/tomasz/Pulpit/vsc-flowable-designer/fixtures/flowable/legacy-async-retry.bpmn">
        <metrics statements="0" coveredstatements="0" conditionals="0" coveredconditionals="0" methods="0" coveredmethods="0"/>
      </file>
      <file name="legacy-boundary-events.bpmn" path="/home/tomasz/Pulpit/vsc-flowable-designer/fixtures/flowable/legacy-boundary-events.bpmn">
        <metrics statements="0" coveredstatements="0" conditionals="0" coveredconditionals="0" methods="0" coveredmethods="0"/>
      </file>
      <file name="legacy-call-activity.bpmn" path="/home/tomasz/Pulpit/vsc-flowable-designer/fixtures/flowable/legacy-call-activity.bpmn">
        <metrics statements="0" coveredstatements="0" conditionals="0" coveredconditionals="0" methods="0" coveredmethods="0"/>
      </file>
      <file name="legacy-compensation-cancel.bpmn" path="/home/tomasz/Pulpit/vsc-flowable-designer/fixtures/flowable/legacy-compensation-cancel.bpmn">
        <metrics statements="0" coveredstatements="0" conditionals="0" coveredconditionals="0" methods="0" coveredmethods="0"/>
      </file>
      <file name="legacy-data-signal-exceptions.bpmn" path="/home/tomasz/Pulpit/vsc-flowable-designer/fixtures/flowable/legacy-data-signal-exceptions.bpmn">
        <metrics statements="0" coveredstatements="0" conditionals="0" coveredconditionals="0" methods="0" coveredmethods="0"/>
      </file>
      <file name="legacy-designer-extension.bpmn" path="/home/tomasz/Pulpit/vsc-flowable-designer/fixtures/flowable/legacy-designer-extension.bpmn">
        <metrics statements="0" coveredstatements="0" conditionals="0" coveredconditionals="0" methods="0" coveredmethods="0"/>
      </file>
      <file name="legacy-event-types.bpmn" path="/home/tomasz/Pulpit/vsc-flowable-designer/fixtures/flowable/legacy-event-types.bpmn">
        <metrics statements="0" coveredstatements="0" conditionals="0" coveredconditionals="0" methods="0" coveredmethods="0"/>
      </file>
      <file name="legacy-external-worker-task.bpmn" path="/home/tomasz/Pulpit/vsc-flowable-designer/fixtures/flowable/legacy-external-worker-task.bpmn">
        <metrics statements="0" coveredstatements="0" conditionals="0" coveredconditionals="0" methods="0" coveredmethods="0"/>
      </file>
      <file name="legacy-http-task.bpmn" path="/home/tomasz/Pulpit/vsc-flowable-designer/fixtures/flowable/legacy-http-task.bpmn">
        <metrics statements="0" coveredstatements="0" conditionals="0" coveredconditionals="0" methods="0" coveredmethods="0"/>
      </file>
      <file name="legacy-listeners-formprops.bpmn" path="/home/tomasz/Pulpit/vsc-flowable-designer/fixtures/flowable/legacy-listeners-formprops.bpmn">
        <metrics statements="0" coveredstatements="0" conditionals="0" coveredconditionals="0" methods="0" coveredmethods="0"/>
      </file>
      <file name="legacy-mail-task.bpmn" path="/home/tomasz/Pulpit/vsc-flowable-designer/fixtures/flowable/legacy-mail-task.bpmn">
        <metrics statements="0" coveredstatements="0" conditionals="0" coveredconditionals="0" methods="0" coveredmethods="0"/>
      </file>
      <file name="legacy-multi-instance.bpmn" path="/home/tomasz/Pulpit/vsc-flowable-designer/fixtures/flowable/legacy-multi-instance.bpmn">
        <metrics statements="0" coveredstatements="0" conditionals="0" coveredconditionals="0" methods="0" coveredmethods="0"/>
      </file>
      <file name="legacy-phase3-features.bpmn" path="/home/tomasz/Pulpit/vsc-flowable-designer/fixtures/flowable/legacy-phase3-features.bpmn">
        <metrics statements="0" coveredstatements="0" conditionals="0" coveredconditionals="0" methods="0" coveredmethods="0"/>
      </file>
      <file name="legacy-phase4-features.bpmn" path="/home/tomasz/Pulpit/vsc-flowable-designer/fixtures/flowable/legacy-phase4-features.bpmn">
        <metrics statements="0" coveredstatements="0" conditionals="0" coveredconditionals="0" methods="0" coveredmethods="0"/>
      </file>
      <file name="legacy-phase6-tasks.bpmn" path="/home/tomasz/Pulpit/vsc-flowable-designer/fixtures/flowable/legacy-phase6-tasks.bpmn">
        <metrics statements="0" coveredstatements="0" conditionals="0" coveredconditionals="0" methods="0" coveredmethods="0"/>
      </file>
      <file name="legacy-pool-lanes.bpmn" path="/home/tomasz/Pulpit/vsc-flowable-designer/fixtures/flowable/legacy-pool-lanes.bpmn">
        <metrics statements="0" coveredstatements="0" conditionals="0" coveredconditionals="0" methods="0" coveredmethods="0"/>
      </file>
      <file name="legacy-process-task-metadata.bpmn" path="/home/tomasz/Pulpit/vsc-flowable-designer/fixtures/flowable/legacy-process-task-metadata.bpmn">
        <metrics statements="0" coveredstatements="0" conditionals="0" coveredconditionals="0" methods="0" coveredmethods="0"/>
      </file>
      <file name="legacy-script-task.bpmn" path="/home/tomasz/Pulpit/vsc-flowable-designer/fixtures/flowable/legacy-script-task.bpmn">
        <metrics statements="0" coveredstatements="0" conditionals="0" coveredconditionals="0" methods="0" coveredmethods="0"/>
      </file>
      <file name="legacy-sequence-flow.bpmn" path="/home/tomasz/Pulpit/vsc-flowable-designer/fixtures/flowable/legacy-sequence-flow.bpmn">
        <metrics statements="0" coveredstatements="0" conditionals="0" coveredconditionals="0" methods="0" coveredmethods="0"/>
      </file>
      <file name="legacy-service-task.bpmn" path="/home/tomasz/Pulpit/vsc-flowable-designer/fixtures/flowable/legacy-service-task.bpmn">
        <metrics statements="0" coveredstatements="0" conditionals="0" coveredconditionals="0" methods="0" coveredmethods="0"/>
      </file>
      <file name="legacy-shell-task.bpmn" path="/home/tomasz/Pulpit/vsc-flowable-designer/fixtures/flowable/legacy-shell-task.bpmn">
        <metrics statements="0" coveredstatements="0" conditionals="0" coveredconditionals="0" methods="0" coveredmethods="0"/>
      </file>
      <file name="legacy-terminate-all.bpmn" path="/home/tomasz/Pulpit/vsc-flowable-designer/fixtures/flowable/legacy-terminate-all.bpmn">
        <metrics statements="0" coveredstatements="0" conditionals="0" coveredconditionals="0" methods="0" coveredmethods="0"/>
      </file>
      <file name="legacy-user-task.bpmn" path="/home/tomasz/Pulpit/vsc-flowable-designer/fixtures/flowable/legacy-user-task.bpmn">
        <metrics statements="0" coveredstatements="0" conditionals="0" coveredconditionals="0" methods="0" coveredmethods="0"/>
      </file>
    </package>
    <package name="src.web.flowable">
      <metrics statements="691" coveredstatements="611" conditionals="718" coveredconditionals="488" methods="100" coveredmethods="78"/>
      <file name="roundTrip.ts" path="/home/tomasz/Pulpit/vsc-flowable-designer/src/web/flowable/roundTrip.ts">
        <metrics statements="515" coveredstatements="468" conditionals="541" coveredconditionals="362" methods="63" coveredmethods="52"/>
        <line num="24" count="1" type="stmt"/>
        <line num="25" count="1" type="stmt"/>
        <line num="26" count="1" type="stmt"/>
        <line num="28" count="18" type="stmt"/>
        <line num="29" count="1" type="stmt"/>
        <line num="32" count="36" type="stmt"/>
        <line num="34" count="36" type="stmt"/>
        <line num="36" count="1450" type="cond" truecount="1" falsecount="1"/>
        <line num="38" count="36" type="stmt"/>
        <line num="39" count="36" type="stmt"/>
        <line num="40" count="36" type="stmt"/>
        <line num="42" count="36" type="stmt"/>
        <line num="43" count="1772" type="cond" truecount="1" falsecount="1"/>
        <line num="44" count="0" type="stmt"/>
        <line num="45" count="0" type="cond" truecount="0" falsecount="2"/>
        <line num="46" count="0" type="cond" truecount="0" falsecount="2"/>
        <line num="47" count="0" type="stmt"/>
        <line num="50" count="1772" type="stmt"/>
        <line num="51" count="1772" type="cond" truecount="1" falsecount="1"/>
        <line num="52" count="0" type="stmt"/>
        <line num="53" count="0" type="stmt"/>
        <line num="56" count="1772" type="stmt"/>
        <line num="58" count="1772" type="cond" truecount="2" falsecount="0"/>
        <line num="59" count="36" type="stmt"/>
        <line num="60" count="1736" type="cond" truecount="2" falsecount="0"/>
        <line num="61" count="516" type="stmt"/>
        <line num="62" count="516" type="stmt"/>
        <line num="63" count="1220" type="cond" truecount="2" falsecount="0"/>
        <line num="64" count="597" type="stmt"/>
        <line num="66" count="623" type="stmt"/>
        <line num="67" count="623" type="cond" truecount="4" falsecount="0"/>
        <line num="68" count="107" type="stmt"/>
        <line num="69" count="107" type="cond" truecount="3" falsecount="1"/>
        <line num="70" count="107" type="stmt"/>
        <line num="71" count="107" type="cond" truecount="1" falsecount="1"/>
        <line num="72" count="107" type="stmt"/>
        <line num="73" count="107" type="stmt"/>
        <line num="74" count="107" type="stmt"/>
        <line num="78" count="516" type="stmt"/>
        <line num="79" count="516" type="stmt"/>
        <line num="82" count="1665" type="stmt"/>
        <line num="85" count="36" type="stmt"/>
        <line num="91" count="123651" type="stmt"/>
        <line num="95" count="49841" type="cond" truecount="1" falsecount="2"/>
        <line num="99" count="394" type="stmt"/>
        <line num="108" count="32" type="stmt"/>
        <line num="109" count="187" type="stmt"/>
        <line num="112" count="32" type="stmt"/>
        <line num="116" count="32" type="stmt"/>
        <line num="117" count="32" type="cond" truecount="1" falsecount="1"/>
        <line num="118" count="0" type="stmt"/>
        <line num="120" count="32" type="stmt"/>
        <line num="124" count="48113" type="stmt"/>
        <line num="128" count="36" type="cond" truecount="2" falsecount="0"/>
        <line num="129" count="36" type="stmt"/>
        <line num="133" count="8" type="stmt"/>
        <line num="134" count="8" type="stmt"/>
        <line num="138" count="3" type="stmt"/>
        <line num="142" count="142" type="cond" truecount="1" falsecount="1"/>
        <line num="143" count="142" type="stmt"/>
        <line num="144" count="142" type="cond" truecount="4" falsecount="0"/>
        <line num="145" count="142" type="cond" truecount="1" falsecount="1"/>
        <line num="147" count="142" type="stmt"/>
        <line num="156" count="34" type="cond" truecount="2" falsecount="0"/>
        <line num="162" count="34" type="cond" truecount="1" falsecount="4"/>
        <line num="168" count="34" type="stmt"/>
        <line num="177" count="6" type="stmt"/>
        <line num="189" count="2638" type="stmt"/>
        <line num="218" count="9" type="stmt"/>
        <line num="227" count="6" type="stmt"/>
        <line num="228" count="6" type="stmt"/>
        <line num="229" count="6" type="stmt"/>
        <line num="239" count="34" type="stmt"/>
        <line num="240" count="34" type="stmt"/>
        <line num="241" count="67" type="stmt"/>
        <line num="242" count="67" type="cond" truecount="2" falsecount="0"/>
        <line num="243" count="34" type="cond" truecount="1" falsecount="1"/>
        <line num="246" count="0" type="stmt"/>
        <line num="250" count="75" type="cond" truecount="1" falsecount="1"/>
        <line num="251" count="75" type="cond" truecount="3" falsecount="0"/>
        <line num="252" count="75" type="cond" truecount="3" falsecount="0"/>
        <line num="253" count="75" type="cond" truecount="2" falsecount="0"/>
        <line num="254" count="75" type="cond" truecount="2" falsecount="0"/>
        <line num="255" count="75" type="cond" truecount="2" falsecount="0"/>
        <line num="257" count="75" type="stmt"/>
        <line num="258" count="75" type="stmt"/>
        <line num="260" count="75" type="cond" truecount="2" falsecount="0"/>
        <line num="261" count="15" type="stmt"/>
        <line num="262" count="15" type="cond" truecount="1" falsecount="1"/>
        <line num="263" count="15" type="stmt"/>
        <line num="264" count="60" type="cond" truecount="2" falsecount="0"/>
        <line num="265" count="15" type="stmt"/>
        <line num="266" count="15" type="stmt"/>
        <line num="267" count="45" type="cond" truecount="2" falsecount="0"/>
        <line num="268" count="15" type="stmt"/>
        <line num="269" count="15" type="stmt"/>
        <line num="270" count="30" type="cond" truecount="2" falsecount="0"/>
        <line num="271" count="15" type="stmt"/>
        <line num="272" count="15" type="stmt"/>
        <line num="274" count="15" type="stmt"/>
        <line num="275" count="15" type="stmt"/>
        <line num="278" count="75" type="stmt"/>
        <line num="288" count="26" type="stmt"/>
        <line num="289" count="26" type="cond" truecount="1" falsecount="1"/>
        <line num="290" count="26" type="stmt"/>
        <line num="292" count="26" type="cond" truecount="2" falsecount="0"/>
        <line num="293" count="5" type="stmt"/>
        <line num="295" count="26" type="cond" truecount="5" falsecount="1"/>
        <line num="297" count="6" type="stmt"/>
        <line num="298" count="6" type="stmt"/>
        <line num="300" count="5" type="stmt"/>
        <line num="301" count="5" type="stmt"/>
        <line num="303" count="5" type="stmt"/>
        <line num="304" count="5" type="stmt"/>
        <line num="306" count="0" type="stmt"/>
        <line num="307" count="0" type="stmt"/>
        <line num="309" count="5" type="stmt"/>
        <line num="310" count="5" type="stmt"/>
        <line num="312" count="5" type="stmt"/>
        <line num="313" count="5" type="stmt"/>
        <line num="315" count="26" type="stmt"/>
        <line num="319" count="10" type="stmt"/>
        <line num="320" count="10" type="cond" truecount="1" falsecount="1"/>
        <line num="321" count="10" type="stmt"/>
        <line num="323" count="10" type="cond" truecount="2" falsecount="0"/>
        <line num="326" count="10" type="stmt"/>
        <line num="330" count="4" type="stmt"/>
        <line num="331" count="4" type="cond" truecount="2" falsecount="0"/>
        <line num="332" count="3" type="stmt"/>
        <line num="334" count="4" type="cond" truecount="2" falsecount="0"/>
        <line num="335" count="1" type="stmt"/>
        <line num="337" count="4" type="stmt"/>
        <line num="338" count="4" type="stmt"/>
        <line num="342" count="2" type="stmt"/>
        <line num="343" count="2" type="cond" truecount="1" falsecount="1"/>
        <line num="344" count="2" type="stmt"/>
        <line num="346" count="2" type="cond" truecount="1" falsecount="1"/>
        <line num="347" count="2" type="stmt"/>
        <line num="349" count="2" type="stmt"/>
        <line num="350" count="2" type="cond" truecount="2" falsecount="0"/>
        <line num="351" count="1" type="stmt"/>
        <line num="353" count="2" type="cond" truecount="2" falsecount="0"/>
        <line num="354" count="1" type="stmt"/>
        <line num="356" count="2" type="stmt"/>
        <line num="363" count="737" type="cond" truecount="2" falsecount="2"/>
        <line num="364" count="0" type="stmt"/>
        <line num="367" count="737" type="cond" truecount="1" falsecount="1"/>
        <line num="368" count="737" type="cond" truecount="1" falsecount="1"/>
        <line num="369" count="0" type="stmt"/>
        <line num="372" count="737" type="stmt"/>
        <line num="380" count="36" type="stmt"/>
        <line num="381" count="0" type="cond" truecount="0" falsecount="2"/>
        <line num="383" count="2" type="stmt"/>
        <line num="384" count="0" type="cond" truecount="0" falsecount="2"/>
        <line num="386" count="6" type="stmt"/>
        <line num="387" count="0" type="cond" truecount="0" falsecount="2"/>
        <line num="389" count="3" type="stmt"/>
        <line num="390" count="0" type="cond" truecount="0" falsecount="2"/>
        <line num="392" count="2" type="stmt"/>
        <line num="393" count="0" type="cond" truecount="0" falsecount="2"/>
        <line num="395" count="2" type="stmt"/>
        <line num="396" count="0" type="cond" truecount="0" falsecount="2"/>
        <line num="431" count="2" type="stmt"/>
        <line num="432" count="0" type="cond" truecount="0" falsecount="2"/>
        <line num="448" count="164" type="stmt"/>
        <line num="449" count="853" type="stmt"/>
        <line num="459" count="164" type="cond" truecount="3" falsecount="1"/>
        <line num="460" count="0" type="stmt"/>
        <line num="465" count="128" type="stmt"/>
        <line num="466" count="128" type="stmt"/>
        <line num="467" count="128" type="stmt"/>
        <line num="468" count="128" type="cond" truecount="1" falsecount="1"/>
        <line num="469" count="0" type="stmt"/>
        <line num="472" count="128" type="stmt"/>
        <line num="473" count="1229" type="cond" truecount="2" falsecount="0"/>
        <line num="474" count="745" type="stmt"/>
        <line num="479" count="128" type="cond" truecount="1" falsecount="1"/>
        <line num="482" count="128" type="stmt"/>
        <line num="483" count="65" type="stmt"/>
        <line num="484" count="65" type="stmt"/>
        <line num="485" count="65" type="cond" truecount="1" falsecount="1"/>
        <line num="486" count="65" type="cond" truecount="2" falsecount="0"/>
        <line num="487" count="65" type="cond" truecount="1" falsecount="1"/>
        <line num="492" count="128" type="stmt"/>
        <line num="493" count="53" type="stmt"/>
        <line num="494" count="53" type="stmt"/>
        <line num="495" count="53" type="cond" truecount="1" falsecount="1"/>
        <line num="496" count="53" type="cond" truecount="1" falsecount="1"/>
        <line num="501" count="128" type="stmt"/>
        <line num="502" count="128" type="stmt"/>
        <line num="503" count="128" type="cond" truecount="2" falsecount="0"/>
        <line num="504" count="26" type="stmt"/>
        <line num="505" count="108" type="cond" truecount="2" falsecount="0"/>
        <line num="506" count="75" type="stmt"/>
        <line num="507" count="33" type="cond" truecount="1" falsecount="1"/>
        <line num="508" count="33" type="cond" truecount="1" falsecount="1"/>
        <line num="509" count="33" type="cond" truecount="1" falsecount="1"/>
        <line num="510" count="33" type="stmt"/>
        <line num="511" count="33" type="cond" truecount="2" falsecount="0"/>
        <line num="512" count="33" type="stmt"/>
        <line num="523" count="128" type="stmt"/>
        <line num="524" count="1334" type="cond" truecount="2" falsecount="0"/>
        <line num="525" count="12" type="cond" truecount="1" falsecount="1"/>
        <line num="526" count="12" type="cond" truecount="1" falsecount="1"/>
        <line num="527" count="12" type="cond" truecount="1" falsecount="1"/>
        <line num="529" count="12" type="stmt"/>
        <line num="530" count="12" type="stmt"/>
        <line num="531" count="12" type="cond" truecount="1" falsecount="1"/>
        <line num="532" count="12" type="stmt"/>
        <line num="533" count="12" type="cond" truecount="2" falsecount="2"/>
        <line num="534" count="12" type="cond" truecount="1" falsecount="1"/>
        <line num="538" count="12" type="cond" truecount="1" falsecount="1"/>
        <line num="539" count="12" type="stmt"/>
        <line num="545" count="128" type="stmt"/>
        <line num="546" count="4358" type="stmt"/>
        <line num="547" count="4358" type="cond" truecount="2" falsecount="0"/>
        <line num="548" count="1720" type="stmt"/>
        <line num="551" count="2638" type="stmt"/>
        <line num="553" count="2638" type="stmt"/>
        <line num="554" count="6756" type="cond" truecount="4" falsecount="0"/>
        <line num="555" count="2778" type="stmt"/>
        <line num="558" count="3978" type="cond" truecount="2" falsecount="0"/>
        <line num="559" count="467" type="stmt"/>
        <line num="560" count="467" type="stmt"/>
        <line num="561" count="467" type="stmt"/>
        <line num="564" count="3511" type="cond" truecount="2" falsecount="0"/>
        <line num="565" count="27" type="stmt"/>
        <line num="569" count="2638" type="stmt"/>
        <line num="570" count="2638" type="cond" truecount="2" falsecount="0"/>
        <line num="571" count="113" type="stmt"/>
        <line num="572" count="336" type="cond" truecount="2" falsecount="0"/>
        <line num="573" count="142" type="stmt"/>
        <line num="574" count="142" type="stmt"/>
        <line num="577" count="194" type="cond" truecount="2" falsecount="0"/>
        <line num="578" count="3" type="stmt"/>
        <line num="579" count="3" type="stmt"/>
        <line num="582" count="191" type="cond" truecount="2" falsecount="0"/>
        <line num="583" count="31" type="stmt"/>
        <line num="584" count="31" type="stmt"/>
        <line num="587" count="160" type="cond" truecount="2" falsecount="0"/>
        <line num="588" count="6" type="stmt"/>
        <line num="589" count="6" type="stmt"/>
        <line num="592" count="154" type="cond" truecount="2" falsecount="0"/>
        <line num="593" count="6" type="stmt"/>
        <line num="594" count="6" type="stmt"/>
        <line num="597" count="148" type="cond" truecount="2" falsecount="0"/>
        <line num="598" count="3" type="stmt"/>
        <line num="599" count="3" type="stmt"/>
        <line num="602" count="145" type="cond" truecount="2" falsecount="0"/>
        <line num="604" count="75" type="stmt"/>
        <line num="607" count="70" type="cond" truecount="2" falsecount="0"/>
        <line num="609" count="33" type="stmt"/>
        <line num="612" count="37" type="cond" truecount="2" falsecount="0"/>
        <line num="613" count="8" type="cond" truecount="1" falsecount="1"/>
        <line num="614" count="8" type="stmt"/>
        <line num="617" count="29" type="cond" truecount="2" falsecount="0"/>
        <line num="618" count="12" type="cond" truecount="1" falsecount="1"/>
        <line num="619" count="12" type="cond" truecount="1" falsecount="1"/>
        <line num="620" count="12" type="stmt"/>
        <line num="621" count="12" type="stmt"/>
        <line num="627" count="12" type="stmt"/>
        <line num="630" count="17" type="stmt"/>
        <line num="635" count="2638" type="stmt"/>
        <line num="636" count="2638" type="cond" truecount="2" falsecount="0"/>
        <line num="637" count="102" type="cond" truecount="1" falsecount="1"/>
        <line num="641" count="2638" type="stmt"/>
        <line num="642" count="2638" type="cond" truecount="2" falsecount="0"/>
        <line num="643" count="21" type="cond" truecount="1" falsecount="1"/>
        <line num="647" count="2638" type="stmt"/>
        <line num="648" count="2638" type="cond" truecount="2" falsecount="0"/>
        <line num="649" count="3" type="cond" truecount="1" falsecount="1"/>
        <line num="653" count="2638" type="stmt"/>
        <line num="654" count="2638" type="cond" truecount="2" falsecount="0"/>
        <line num="655" count="6" type="stmt"/>
        <line num="659" count="2638" type="stmt"/>
        <line num="660" count="2638" type="cond" truecount="2" falsecount="0"/>
        <line num="661" count="34" type="stmt"/>
        <line num="664" count="2638" type="stmt"/>
        <line num="665" count="2638" type="cond" truecount="2" falsecount="0"/>
        <line num="666" count="34" type="cond" truecount="1" falsecount="1"/>
        <line num="669" count="2638" type="stmt"/>
        <line num="670" count="2638" type="cond" truecount="2" falsecount="0"/>
        <line num="671" count="45" type="cond" truecount="1" falsecount="1"/>
        <line num="674" count="2638" type="stmt"/>
        <line num="675" count="2638" type="cond" truecount="2" falsecount="0"/>
        <line num="676" count="34" type="cond" truecount="1" falsecount="1"/>
        <line num="680" count="2638" type="stmt"/>
        <line num="681" count="2638" type="cond" truecount="2" falsecount="0"/>
        <line num="682" count="25" type="cond" truecount="2" falsecount="0"/>
        <line num="686" count="2638" type="stmt"/>
        <line num="687" count="2638" type="cond" truecount="2" falsecount="0"/>
        <line num="688" count="8" type="cond" truecount="2" falsecount="0"/>
        <line num="692" count="2638" type="stmt"/>
        <line num="693" count="2638" type="cond" truecount="2" falsecount="0"/>
        <line num="694" count="4" type="stmt"/>
        <line num="697" count="2638" type="stmt"/>
        <line num="700" count="128" type="stmt"/>
        <line num="701" count="128" type="stmt"/>
        <line num="709" count="36" type="stmt"/>
        <line num="710" count="36" type="stmt"/>
        <line num="712" count="36" type="stmt"/>
        <line num="718" count="36" type="cond" truecount="1" falsecount="1"/>
        <line num="719" count="36" type="stmt"/>
        <line num="722" count="36" type="stmt"/>
        <line num="723" count="737" type="stmt"/>
        <line num="724" count="737" type="cond" truecount="1" falsecount="1"/>
        <line num="725" count="737" type="stmt"/>
        <line num="730" count="36" type="cond" truecount="4" falsecount="0"/>
        <line num="731" count="13" type="cond" truecount="1" falsecount="1"/>
        <line num="732" count="20" type="stmt"/>
        <line num="733" count="0" type="stmt"/>
        <line num="735" count="36" type="cond" truecount="4" falsecount="0"/>
        <line num="736" count="12" type="cond" truecount="1" falsecount="1"/>
        <line num="737" count="17" type="stmt"/>
        <line num="738" count="0" type="stmt"/>
        <line num="740" count="36" type="cond" truecount="1" falsecount="1"/>
        <line num="741" count="36" type="stmt"/>
        <line num="743" count="36" type="cond" truecount="1" falsecount="1"/>
        <line num="744" count="36" type="stmt"/>
        <line num="746" count="36" type="cond" truecount="4" falsecount="0"/>
        <line num="747" count="2" type="stmt"/>
        <line num="748" count="35" type="cond" truecount="1" falsecount="1"/>
        <line num="749" count="0" type="stmt"/>
        <line num="752" count="36" type="stmt"/>
        <line num="754" count="36" type="stmt"/>
        <line num="755" count="36" type="stmt"/>
        <line num="756" count="36" type="cond" truecount="1" falsecount="1"/>
        <line num="757" count="0" type="stmt"/>
        <line num="760" count="36" type="stmt"/>
        <line num="761" count="212" type="stmt"/>
        <line num="765" count="36" type="cond" truecount="1" falsecount="1"/>
        <line num="766" count="36" type="stmt"/>
        <line num="769" count="36" type="stmt"/>
        <line num="770" count="1171" type="stmt"/>
        <line num="771" count="1171" type="cond" truecount="2" falsecount="0"/>
        <line num="772" count="436" type="stmt"/>
        <line num="775" count="735" type="stmt"/>
        <line num="776" count="735" type="cond" truecount="1" falsecount="1"/>
        <line num="777" count="0" type="stmt"/>
        <line num="780" count="735" type="stmt"/>
        <line num="781" count="13230" type="stmt"/>
        <line num="782" count="13230" type="stmt"/>
        <line num="783" count="13230" type="cond" truecount="2" falsecount="0"/>
        <line num="784" count="115" type="stmt"/>
        <line num="786" count="13115" type="stmt"/>
        <line num="790" count="735" type="stmt"/>
        <line num="791" count="7" type="cond" truecount="2" falsecount="0"/>
        <line num="792" count="1" type="stmt"/>
        <line num="796" count="735" type="stmt"/>
        <line num="798" count="2" type="stmt"/>
        <line num="799" count="2" type="stmt"/>
        <line num="800" count="2" type="stmt"/>
        <line num="801" count="6" type="stmt"/>
        <line num="807" count="2" type="stmt"/>
        <line num="808" count="2" type="cond" truecount="1" falsecount="1"/>
        <line num="809" count="2" type="cond" truecount="2" falsecount="0"/>
        <line num="810" count="2" type="stmt"/>
        <line num="814" count="1171" type="stmt"/>
        <line num="816" count="1171" type="cond" truecount="2" falsecount="0"/>
        <line num="817" count="715" type="cond" truecount="2" falsecount="0"/>
        <line num="818" count="8" type="stmt"/>
        <line num="821" count="20" type="cond" truecount="2" falsecount="0"/>
        <line num="822" count="20" type="stmt"/>
        <line num="823" count="85" type="stmt"/>
        <line num="826" count="20" type="stmt"/>
        <line num="827" count="60" type="stmt"/>
        <line num="830" count="20" type="cond" truecount="2" falsecount="0"/>
        <line num="831" count="7" type="stmt"/>
        <line num="836" count="735" type="cond" truecount="1" falsecount="1"/>
        <line num="837" count="735" type="stmt"/>
        <line num="838" count="735" type="cond" truecount="2" falsecount="0"/>
        <line num="839" count="26" type="cond" truecount="1" falsecount="1"/>
        <line num="840" count="26" type="stmt"/>
        <line num="842" count="0" type="stmt"/>
        <line num="843" count="0" type="stmt"/>
        <line num="844" count="0" type="stmt"/>
        <line num="846" count="709" type="cond" truecount="1" falsecount="1"/>
        <line num="847" count="0" type="stmt"/>
        <line num="852" count="735" type="cond" truecount="1" falsecount="1"/>
        <line num="853" count="735" type="stmt"/>
        <line num="854" count="735" type="cond" truecount="2" falsecount="0"/>
        <line num="855" count="7" type="cond" truecount="2" falsecount="0"/>
        <line num="856" count="6" type="stmt"/>
        <line num="858" count="1" type="stmt"/>
        <line num="859" count="1" type="stmt"/>
        <line num="860" count="1" type="stmt"/>
        <line num="861" count="1" type="stmt"/>
        <line num="863" count="728" type="cond" truecount="1" falsecount="1"/>
        <line num="864" count="0" type="stmt"/>
        <line num="869" count="735" type="cond" truecount="1" falsecount="1"/>
        <line num="870" count="735" type="stmt"/>
        <line num="871" count="735" type="cond" truecount="2" falsecount="0"/>
        <line num="872" count="1" type="cond" truecount="1" falsecount="1"/>
        <line num="873" count="0" type="stmt"/>
        <line num="875" count="1" type="stmt"/>
        <line num="876" count="1" type="stmt"/>
        <line num="877" count="1" type="stmt"/>
        <line num="879" count="734" type="cond" truecount="1" falsecount="1"/>
        <line num="880" count="0" type="stmt"/>
        <line num="885" count="735" type="stmt"/>
        <line num="886" count="735" type="cond" truecount="2" falsecount="0"/>
        <line num="887" count="2" type="stmt"/>
        <line num="888" count="2" type="cond" truecount="1" falsecount="1"/>
        <line num="889" count="2" type="stmt"/>
        <line num="891" count="2" type="stmt"/>
        <line num="892" count="2" type="stmt"/>
        <line num="894" count="733" type="cond" truecount="2" falsecount="2"/>
        <line num="895" count="0" type="stmt"/>
        <line num="899" count="735" type="stmt"/>
        <line num="900" count="735" type="cond" truecount="4" falsecount="0"/>
        <line num="901" count="10" type="stmt"/>
        <line num="902" count="30" type="stmt"/>
        <line num="903" count="30" type="cond" truecount="2" falsecount="0"/>
        <line num="904" count="10" type="stmt"/>
        <line num="907" count="10" type="cond" truecount="1" falsecount="1"/>
        <line num="908" count="10" type="stmt"/>
        <line num="909" count="10" type="stmt"/>
        <line num="910" count="10" type="stmt"/>
        <line num="912" count="725" type="cond" truecount="3" falsecount="1"/>
        <line num="913" count="0" type="stmt"/>
        <line num="914" count="0" type="stmt"/>
        <line num="915" count="0" type="stmt"/>
        <line num="916" count="0" type="stmt"/>
        <line num="917" count="0" type="stmt"/>
        <line num="921" count="735" type="stmt"/>
        <line num="922" count="735" type="cond" truecount="2" falsecount="0"/>
        <line num="923" count="10" type="cond" truecount="1" falsecount="1"/>
        <line num="924" count="10" type="stmt"/>
        <line num="926" count="0" type="stmt"/>
        <line num="931" count="735" type="stmt"/>
        <line num="932" count="735" type="cond" truecount="2" falsecount="0"/>
        <line num="933" count="13" type="cond" truecount="1" falsecount="1"/>
        <line num="934" count="13" type="stmt"/>
        <line num="936" count="0" type="stmt"/>
        <line num="941" count="735" type="stmt"/>
        <line num="942" count="735" type="cond" truecount="2" falsecount="0"/>
        <line num="943" count="10" type="cond" truecount="1" falsecount="1"/>
        <line num="944" count="10" type="stmt"/>
        <line num="946" count="0" type="stmt"/>
        <line num="951" count="735" type="stmt"/>
        <line num="952" count="735" type="cond" truecount="2" falsecount="0"/>
        <line num="953" count="7" type="cond" truecount="2" falsecount="0"/>
        <line num="954" count="3" type="stmt"/>
        <line num="956" count="4" type="stmt"/>
        <line num="961" count="735" type="stmt"/>
        <line num="962" count="735" type="cond" truecount="2" falsecount="0"/>
        <line num="963" count="2" type="cond" truecount="2" falsecount="0"/>
        <line num="964" count="1" type="stmt"/>
        <line num="966" count="1" type="stmt"/>
        <line num="971" count="735" type="cond" truecount="2" falsecount="0"/>
        <line num="972" count="1" type="stmt"/>
        <line num="974" count="734" type="stmt"/>
        <line num="979" count="36" type="stmt"/>
        <line num="980" count="268" type="cond" truecount="2" falsecount="0"/>
        <line num="982" count="36" type="stmt"/>
        <line num="983" count="19" type="stmt"/>
        <line num="985" count="36" type="stmt"/>
        <line num="986" count="36" type="stmt"/>
        <line num="987" count="20" type="stmt"/>
        <line num="988" count="20" type="stmt"/>
        <line num="989" count="20" type="stmt"/>
        <line num="990" count="20" type="cond" truecount="2" falsecount="0"/>
        <line num="991" count="1" type="stmt"/>
        <line num="993" count="20" type="cond" truecount="1" falsecount="1"/>
        <line num="994" count="20" type="stmt"/>
        <line num="996" count="0" type="stmt"/>
        <line num="1001" count="36" type="stmt"/>
        <line num="1002" count="269" type="cond" truecount="2" falsecount="0"/>
        <line num="1004" count="36" type="stmt"/>
        <line num="1005" count="17" type="stmt"/>
        <line num="1007" count="36" type="stmt"/>
        <line num="1008" count="17" type="stmt"/>
        <line num="1009" count="17" type="stmt"/>
        <line num="1010" count="17" type="stmt"/>
        <line num="1011" count="17" type="cond" truecount="1" falsecount="1"/>
        <line num="1012" count="17" type="stmt"/>
        <line num="1014" count="0" type="stmt"/>
        <line num="1019" count="36" type="stmt"/>
        <line num="1020" count="36" type="cond" truecount="4" falsecount="0"/>
        <line num="1022" count="7" type="stmt"/>
        <line num="1023" count="2" type="stmt"/>
        <line num="1025" count="1" type="stmt"/>
        <line num="1026" count="2" type="stmt"/>
        <line num="1027" count="2" type="stmt"/>
        <line num="1028" count="2" type="stmt"/>
        <line num="1029" count="2" type="cond" truecount="1" falsecount="1"/>
        <line num="1030" count="2" type="stmt"/>
        <line num="1032" count="2" type="cond" truecount="1" falsecount="1"/>
        <line num="1033" count="2" type="stmt"/>
        <line num="1034" count="2" type="stmt"/>
        <line num="1038" count="2" type="stmt"/>
        <line num="1039" count="2" type="stmt"/>
        <line num="1041" count="2" type="stmt"/>
        <line num="1043" count="2" type="stmt"/>
        <line num="1048" count="36" type="stmt"/>
        <line num="1049" count="36" type="cond" truecount="1" falsecount="1"/>
        <line num="1050" count="36" type="stmt"/>
        <line num="1053" count="36" type="cond" truecount="1" falsecount="1"/>
        <line num="1054" count="0" type="stmt"/>
        <line num="1055" count="0" type="cond" truecount="0" falsecount="2"/>
        <line num="1057" count="0" type="stmt"/>
        <line num="1061" count="36" type="cond" truecount="2" falsecount="0"/>
        <line num="1062" count="36" type="cond" truecount="2" falsecount="0"/>
        <line num="1063" count="8" type="cond" truecount="1" falsecount="1"/>
        <line num="1064" count="8" type="stmt"/>
        <line num="1065" count="8" type="stmt"/>
        <line num="1068" count="8" type="cond" truecount="2" falsecount="0"/>
        <line num="1069" count="5" type="stmt"/>
        <line num="1070" count="5" type="stmt"/>
        <line num="1071" count="26" type="stmt"/>
        <line num="1075" count="8" type="cond" truecount="2" falsecount="0"/>
        <line num="1076" count="3" type="stmt"/>
        <line num="1077" count="3" type="stmt"/>
        <line num="1078" count="10" type="stmt"/>
        <line num="1084" count="36" type="stmt"/>
      </file>
      <file name="types.ts" path="/home/tomasz/Pulpit/vsc-flowable-designer/src/web/flowable/types.ts">
        <metrics statements="16" coveredstatements="16" conditionals="4" coveredconditionals="4" methods="15" coveredmethods="15"/>
        <line num="151" count="1" type="stmt"/>
        <line num="173" count="128" type="stmt"/>
        <line num="186" count="36" type="stmt"/>
        <line num="189" count="19" type="stmt"/>
        <line num="190" count="17" type="stmt"/>
        <line num="191" count="25" type="stmt"/>
        <line num="192" count="9" type="stmt"/>
        <line num="193" count="2" type="stmt"/>
        <line num="195" count="737" type="stmt"/>
        <line num="201" count="35" type="stmt"/>
        <line num="202" count="1" type="stmt"/>
        <line num="203" count="5" type="stmt"/>
        <line num="204" count="2" type="stmt"/>
        <line num="205" count="2" type="stmt"/>
        <line num="206" count="1" type="stmt"/>
        <line num="218" count="2" type="stmt"/>
      </file>
      <file name="validation.ts" path="/home/tomasz/Pulpit/vsc-flowable-designer/src/web/flowable/validation.ts">
        <metrics statements="153" coveredstatements="121" conditionals="167" coveredconditionals="119" methods="21" coveredmethods="10"/>
        <line num="5" count="1" type="stmt"/>
        <line num="14" count="157" type="cond" truecount="1" falsecount="2"/>
        <line num="18" count="54" type="stmt"/>
        <line num="19" count="218" type="stmt"/>
        <line num="34" count="15" type="stmt"/>
        <line num="35" count="15" type="stmt"/>
        <line num="36" count="15" type="stmt"/>
        <line num="37" count="15" type="stmt"/>
        <line num="38" count="15" type="stmt"/>
        <line num="40" count="15" type="stmt"/>
        <line num="41" count="78" type="stmt"/>
        <line num="42" count="78" type="cond" truecount="1" falsecount="1"/>
        <line num="44" count="78" type="cond" truecount="2" falsecount="0"/>
        <line num="45" count="31" type="cond" truecount="1" falsecount="1"/>
        <line num="46" count="31" type="cond" truecount="1" falsecount="1"/>
        <line num="47" count="31" type="cond" truecount="1" falsecount="1"/>
        <line num="48" count="0" type="stmt"/>
        <line num="50" count="31" type="cond" truecount="1" falsecount="1"/>
        <line num="51" count="0" type="stmt"/>
        <line num="53" count="31" type="stmt"/>
        <line num="54" count="31" type="stmt"/>
        <line num="55" count="31" type="stmt"/>
        <line num="58" count="47" type="cond" truecount="2" falsecount="0"/>
        <line num="59" count="46" type="cond" truecount="1" falsecount="1"/>
        <line num="60" count="0" type="stmt"/>
        <line num="62" count="46" type="stmt"/>
        <line num="65" count="46" type="cond" truecount="2" falsecount="0"/>
        <line num="66" count="14" type="stmt"/>
        <line num="68" count="46" type="cond" truecount="2" falsecount="0"/>
        <line num="69" count="16" type="stmt"/>
        <line num="73" count="46" type="cond" truecount="2" falsecount="0"/>
        <line num="74" count="4" type="cond" truecount="2" falsecount="0"/>
        <line num="75" count="4" type="cond" truecount="2" falsecount="0"/>
        <line num="76" count="4" type="cond" truecount="2" falsecount="0"/>
        <line num="77" count="4" type="cond" truecount="2" falsecount="0"/>
        <line num="78" count="4" type="cond" truecount="6" falsecount="0"/>
        <line num="79" count="1" type="stmt"/>
        <line num="83" count="4" type="cond" truecount="3" falsecount="0"/>
        <line num="84" count="4" type="cond" truecount="1" falsecount="1"/>
        <line num="85" count="0" type="stmt"/>
        <line num="86" count="0" type="cond" truecount="0" falsecount="2"/>
        <line num="87" count="0" type="cond" truecount="0" falsecount="2"/>
        <line num="88" count="0" type="cond" truecount="0" falsecount="2"/>
        <line num="89" count="0" type="stmt"/>
        <line num="91" count="0" type="cond" truecount="0" falsecount="2"/>
        <line num="92" count="0" type="stmt"/>
        <line num="97" count="4" type="cond" truecount="1" falsecount="1"/>
        <line num="98" count="0" type="stmt"/>
        <line num="99" count="0" type="cond" truecount="0" falsecount="2"/>
        <line num="100" count="0" type="cond" truecount="0" falsecount="2"/>
        <line num="101" count="0" type="cond" truecount="0" falsecount="2"/>
        <line num="102" count="0" type="stmt"/>
        <line num="107" count="4" type="cond" truecount="1" falsecount="1"/>
        <line num="108" count="0" type="stmt"/>
        <line num="109" count="0" type="cond" truecount="0" falsecount="2"/>
        <line num="110" count="0" type="cond" truecount="0" falsecount="2"/>
        <line num="111" count="0" type="cond" truecount="0" falsecount="2"/>
        <line num="112" count="0" type="stmt"/>
        <line num="118" count="46" type="cond" truecount="1" falsecount="1"/>
        <line num="119" count="0" type="stmt"/>
        <line num="120" count="0" type="stmt"/>
        <line num="121" count="0" type="cond" truecount="0" falsecount="2"/>
        <line num="122" count="0" type="stmt"/>
        <line num="125" count="0" type="cond" truecount="0" falsecount="2"/>
        <line num="126" count="0" type="stmt"/>
        <line num="131" count="46" type="cond" truecount="4" falsecount="0"/>
        <line num="132" count="2" type="cond" truecount="2" falsecount="0"/>
        <line num="133" count="2" type="cond" truecount="2" falsecount="0"/>
        <line num="135" count="1" type="stmt"/>
        <line num="140" count="46" type="cond" truecount="4" falsecount="0"/>
        <line num="141" count="5" type="stmt"/>
        <line num="142" count="4" type="cond" truecount="2" falsecount="0"/>
        <line num="143" count="3" type="stmt"/>
        <line num="144" count="5" type="cond" truecount="2" falsecount="0"/>
        <line num="145" count="2" type="cond" truecount="1" falsecount="1"/>
        <line num="146" count="2" type="cond" truecount="4" falsecount="0"/>
        <line num="147" count="1" type="stmt"/>
        <line num="155" count="46" type="cond" truecount="2" falsecount="0"/>
        <line num="156" count="4" type="cond" truecount="2" falsecount="0"/>
        <line num="157" count="4" type="cond" truecount="2" falsecount="0"/>
        <line num="158" count="4" type="cond" truecount="2" falsecount="0"/>
        <line num="159" count="4" type="cond" truecount="5" falsecount="0"/>
        <line num="160" count="2" type="stmt"/>
        <line num="165" count="46" type="cond" truecount="2" falsecount="0"/>
        <line num="166" count="1" type="stmt"/>
        <line num="167" count="5" type="cond" truecount="1" falsecount="1"/>
        <line num="169" count="1" type="stmt"/>
        <line num="170" count="0" type="stmt"/>
        <line num="172" count="1" type="cond" truecount="1" falsecount="1"/>
        <line num="173" count="1" type="stmt"/>
        <line num="178" count="46" type="cond" truecount="4" falsecount="0"/>
        <line num="179" count="1" type="stmt"/>
        <line num="180" count="1" type="stmt"/>
        <line num="181" count="2" type="stmt"/>
        <line num="183" count="1" type="stmt"/>
        <line num="189" count="15" type="stmt"/>
        <line num="190" count="3" type="stmt"/>
        <line num="191" count="1" type="stmt"/>
        <line num="192" count="1" type="cond" truecount="3" falsecount="1"/>
        <line num="193" count="1" type="stmt"/>
        <line num="197" count="15" type="stmt"/>
        <line num="201" count="16" type="stmt"/>
        <line num="204" count="16" type="stmt"/>
        <line num="205" count="16" type="stmt"/>
        <line num="207" count="1" type="stmt"/>
        <line num="208" count="1" type="stmt"/>
        <line num="211" count="15" type="stmt"/>
        <line num="212" count="15" type="cond" truecount="3" falsecount="1"/>
        <line num="213" count="0" type="stmt"/>
        <line num="214" count="0" type="stmt"/>
        <line num="218" count="15" type="stmt"/>
        <line num="219" count="15" type="cond" truecount="2" falsecount="0"/>
        <line num="221" count="1" type="stmt"/>
        <line num="222" count="1" type="cond" truecount="1" falsecount="1"/>
        <line num="223" count="1" type="stmt"/>
        <line num="224" count="1" type="stmt"/>
        <line num="228" count="14" type="stmt"/>
        <line num="229" count="14" type="cond" truecount="1" falsecount="1"/>
        <line num="230" count="14" type="cond" truecount="1" falsecount="1"/>
        <line num="231" count="0" type="stmt"/>
        <line num="232" count="0" type="stmt"/>
        <line num="235" count="14" type="stmt"/>
        <line num="238" count="14" type="cond" truecount="2" falsecount="0"/>
        <line num="239" count="1" type="stmt"/>
        <line num="243" count="14" type="cond" truecount="2" falsecount="0"/>
        <line num="244" count="1" type="stmt"/>
        <line num="248" count="14" type="stmt"/>
        <line num="249" count="31" type="cond" truecount="3" falsecount="1"/>
        <line num="250" count="0" type="stmt"/>
        <line num="252" count="31" type="cond" truecount="4" falsecount="0"/>
        <line num="253" count="1" type="stmt"/>
        <line num="258" count="14" type="stmt"/>
        <line num="259" count="14" type="stmt"/>
        <line num="260" count="14" type="stmt"/>
        <line num="261" count="31" type="cond" truecount="1" falsecount="1"/>
        <line num="262" count="31" type="cond" truecount="1" falsecount="1"/>
        <line num="266" count="14" type="stmt"/>
        <line num="267" count="14" type="stmt"/>
        <line num="268" count="14" type="stmt"/>
        <line num="269" count="172" type="stmt"/>
        <line num="270" count="172" type="stmt"/>
        <line num="271" count="172" type="cond" truecount="4" falsecount="0"/>
        <line num="272" count="46" type="stmt"/>
        <line num="276" count="14" type="stmt"/>
        <line num="277" count="46" type="stmt"/>
        <line num="278" count="46" type="cond" truecount="1" falsecount="1"/>
        <line num="280" count="46" type="cond" truecount="4" falsecount="0"/>
        <line num="281" count="32" type="cond" truecount="2" falsecount="0"/>
        <line num="282" count="2" type="stmt"/>
        <line num="286" count="46" type="cond" truecount="2" falsecount="0"/>
        <line num="287" count="30" type="cond" truecount="2" falsecount="0"/>
        <line num="288" count="2" type="stmt"/>
        <line num="294" count="14" type="stmt"/>
      </file>
      <file name="xmlParser.ts" path="/home/tomasz/Pulpit/vsc-flowable-designer/src/web/flowable/xmlParser.ts">
        <metrics statements="7" coveredstatements="6" conditionals="6" coveredconditionals="3" methods="1" coveredmethods="1"/>
        <line num="8" count="215" type="cond" truecount="2" falsecount="0"/>
        <line num="9" count="1" type="stmt"/>
        <line num="12" count="214" type="stmt"/>
        <line num="13" count="214" type="stmt"/>
        <line num="15" count="214" type="cond" truecount="1" falsecount="1"/>
        <line num="16" count="0" type="cond" truecount="0" falsecount="2"/>
        <line num="19" count="212" type="stmt"/>
      </file>
    </package>
  </project>
</coverage>
