{"/home/tomasz/Pulpit/vsc-flowable-designer/fixtures/flowable/legacy-async-retry.bpmn": {"path":"/home/tomasz/Pulpit/vsc-flowable-designer/fixtures/flowable/legacy-async-retry.bpmn","statementMap":{},"fnMap":{},"branchMap":{},"s":{},"f":{},"b":{},"meta":{"lastBranch":0,"lastFunction":0,"lastStatement":0,"seen":{}}}
,"/home/tomasz/Pulpit/vsc-flowable-designer/fixtures/flowable/legacy-boundary-events.bpmn": {"path":"/home/tomasz/Pulpit/vsc-flowable-designer/fixtures/flowable/legacy-boundary-events.bpmn","statementMap":{},"fnMap":{},"branchMap":{},"s":{},"f":{},"b":{},"meta":{"lastBranch":0,"lastFunction":0,"lastStatement":0,"seen":{}}}
,"/home/tomasz/Pulpit/vsc-flowable-designer/fixtures/flowable/legacy-call-activity.bpmn": {"path":"/home/tomasz/Pulpit/vsc-flowable-designer/fixtures/flowable/legacy-call-activity.bpmn","statementMap":{},"fnMap":{},"branchMap":{},"s":{},"f":{},"b":{},"meta":{"lastBranch":0,"lastFunction":0,"lastStatement":0,"seen":{}}}
,"/home/tomasz/Pulpit/vsc-flowable-designer/fixtures/flowable/legacy-compensation-cancel.bpmn": {"path":"/home/tomasz/Pulpit/vsc-flowable-designer/fixtures/flowable/legacy-compensation-cancel.bpmn","statementMap":{},"fnMap":{},"branchMap":{},"s":{},"f":{},"b":{},"meta":{"lastBranch":0,"lastFunction":0,"lastStatement":0,"seen":{}}}
,"/home/tomasz/Pulpit/vsc-flowable-designer/fixtures/flowable/legacy-data-signal-exceptions.bpmn": {"path":"/home/tomasz/Pulpit/vsc-flowable-designer/fixtures/flowable/legacy-data-signal-exceptions.bpmn","statementMap":{},"fnMap":{},"branchMap":{},"s":{},"f":{},"b":{},"meta":{"lastBranch":0,"lastFunction":0,"lastStatement":0,"seen":{}}}
,"/home/tomasz/Pulpit/vsc-flowable-designer/fixtures/flowable/legacy-designer-extension.bpmn": {"path":"/home/tomasz/Pulpit/vsc-flowable-designer/fixtures/flowable/legacy-designer-extension.bpmn","statementMap":{},"fnMap":{},"branchMap":{},"s":{},"f":{},"b":{},"meta":{"lastBranch":0,"lastFunction":0,"lastStatement":0,"seen":{}}}
,"/home/tomasz/Pulpit/vsc-flowable-designer/fixtures/flowable/legacy-event-types.bpmn": {"path":"/home/tomasz/Pulpit/vsc-flowable-designer/fixtures/flowable/legacy-event-types.bpmn","statementMap":{},"fnMap":{},"branchMap":{},"s":{},"f":{},"b":{},"meta":{"lastBranch":0,"lastFunction":0,"lastStatement":0,"seen":{}}}
,"/home/tomasz/Pulpit/vsc-flowable-designer/fixtures/flowable/legacy-external-worker-task.bpmn": {"path":"/home/tomasz/Pulpit/vsc-flowable-designer/fixtures/flowable/legacy-external-worker-task.bpmn","statementMap":{},"fnMap":{},"branchMap":{},"s":{},"f":{},"b":{},"meta":{"lastBranch":0,"lastFunction":0,"lastStatement":0,"seen":{}}}
,"/home/tomasz/Pulpit/vsc-flowable-designer/fixtures/flowable/legacy-http-task.bpmn": {"path":"/home/tomasz/Pulpit/vsc-flowable-designer/fixtures/flowable/legacy-http-task.bpmn","statementMap":{},"fnMap":{},"branchMap":{},"s":{},"f":{},"b":{},"meta":{"lastBranch":0,"lastFunction":0,"lastStatement":0,"seen":{}}}
,"/home/tomasz/Pulpit/vsc-flowable-designer/fixtures/flowable/legacy-listeners-formprops.bpmn": {"path":"/home/tomasz/Pulpit/vsc-flowable-designer/fixtures/flowable/legacy-listeners-formprops.bpmn","statementMap":{},"fnMap":{},"branchMap":{},"s":{},"f":{},"b":{},"meta":{"lastBranch":0,"lastFunction":0,"lastStatement":0,"seen":{}}}
,"/home/tomasz/Pulpit/vsc-flowable-designer/fixtures/flowable/legacy-mail-task.bpmn": {"path":"/home/tomasz/Pulpit/vsc-flowable-designer/fixtures/flowable/legacy-mail-task.bpmn","statementMap":{},"fnMap":{},"branchMap":{},"s":{},"f":{},"b":{},"meta":{"lastBranch":0,"lastFunction":0,"lastStatement":0,"seen":{}}}
,"/home/tomasz/Pulpit/vsc-flowable-designer/fixtures/flowable/legacy-multi-instance.bpmn": {"path":"/home/tomasz/Pulpit/vsc-flowable-designer/fixtures/flowable/legacy-multi-instance.bpmn","statementMap":{},"fnMap":{},"branchMap":{},"s":{},"f":{},"b":{},"meta":{"lastBranch":0,"lastFunction":0,"lastStatement":0,"seen":{}}}
,"/home/tomasz/Pulpit/vsc-flowable-designer/fixtures/flowable/legacy-phase3-features.bpmn": {"path":"/home/tomasz/Pulpit/vsc-flowable-designer/fixtures/flowable/legacy-phase3-features.bpmn","statementMap":{},"fnMap":{},"branchMap":{},"s":{},"f":{},"b":{},"meta":{"lastBranch":0,"lastFunction":0,"lastStatement":0,"seen":{}}}
,"/home/tomasz/Pulpit/vsc-flowable-designer/fixtures/flowable/legacy-phase4-features.bpmn": {"path":"/home/tomasz/Pulpit/vsc-flowable-designer/fixtures/flowable/legacy-phase4-features.bpmn","statementMap":{},"fnMap":{},"branchMap":{},"s":{},"f":{},"b":{},"meta":{"lastBranch":0,"lastFunction":0,"lastStatement":0,"seen":{}}}
,"/home/tomasz/Pulpit/vsc-flowable-designer/fixtures/flowable/legacy-phase6-tasks.bpmn": {"path":"/home/tomasz/Pulpit/vsc-flowable-designer/fixtures/flowable/legacy-phase6-tasks.bpmn","statementMap":{},"fnMap":{},"branchMap":{},"s":{},"f":{},"b":{},"meta":{"lastBranch":0,"lastFunction":0,"lastStatement":0,"seen":{}}}
,"/home/tomasz/Pulpit/vsc-flowable-designer/fixtures/flowable/legacy-pool-lanes.bpmn": {"path":"/home/tomasz/Pulpit/vsc-flowable-designer/fixtures/flowable/legacy-pool-lanes.bpmn","statementMap":{},"fnMap":{},"branchMap":{},"s":{},"f":{},"b":{},"meta":{"lastBranch":0,"lastFunction":0,"lastStatement":0,"seen":{}}}
,"/home/tomasz/Pulpit/vsc-flowable-designer/fixtures/flowable/legacy-process-task-metadata.bpmn": {"path":"/home/tomasz/Pulpit/vsc-flowable-designer/fixtures/flowable/legacy-process-task-metadata.bpmn","statementMap":{},"fnMap":{},"branchMap":{},"s":{},"f":{},"b":{},"meta":{"lastBranch":0,"lastFunction":0,"lastStatement":0,"seen":{}}}
,"/home/tomasz/Pulpit/vsc-flowable-designer/fixtures/flowable/legacy-script-task.bpmn": {"path":"/home/tomasz/Pulpit/vsc-flowable-designer/fixtures/flowable/legacy-script-task.bpmn","statementMap":{},"fnMap":{},"branchMap":{},"s":{},"f":{},"b":{},"meta":{"lastBranch":0,"lastFunction":0,"lastStatement":0,"seen":{}}}
,"/home/tomasz/Pulpit/vsc-flowable-designer/fixtures/flowable/legacy-sequence-flow.bpmn": {"path":"/home/tomasz/Pulpit/vsc-flowable-designer/fixtures/flowable/legacy-sequence-flow.bpmn","statementMap":{},"fnMap":{},"branchMap":{},"s":{},"f":{},"b":{},"meta":{"lastBranch":0,"lastFunction":0,"lastStatement":0,"seen":{}}}
,"/home/tomasz/Pulpit/vsc-flowable-designer/fixtures/flowable/legacy-service-task.bpmn": {"path":"/home/tomasz/Pulpit/vsc-flowable-designer/fixtures/flowable/legacy-service-task.bpmn","statementMap":{},"fnMap":{},"branchMap":{},"s":{},"f":{},"b":{},"meta":{"lastBranch":0,"lastFunction":0,"lastStatement":0,"seen":{}}}
,"/home/tomasz/Pulpit/vsc-flowable-designer/fixtures/flowable/legacy-shell-task.bpmn": {"path":"/home/tomasz/Pulpit/vsc-flowable-designer/fixtures/flowable/legacy-shell-task.bpmn","statementMap":{},"fnMap":{},"branchMap":{},"s":{},"f":{},"b":{},"meta":{"lastBranch":0,"lastFunction":0,"lastStatement":0,"seen":{}}}
,"/home/tomasz/Pulpit/vsc-flowable-designer/fixtures/flowable/legacy-terminate-all.bpmn": {"path":"/home/tomasz/Pulpit/vsc-flowable-designer/fixtures/flowable/legacy-terminate-all.bpmn","statementMap":{},"fnMap":{},"branchMap":{},"s":{},"f":{},"b":{},"meta":{"lastBranch":0,"lastFunction":0,"lastStatement":0,"seen":{}}}
,"/home/tomasz/Pulpit/vsc-flowable-designer/fixtures/flowable/legacy-user-task.bpmn": {"path":"/home/tomasz/Pulpit/vsc-flowable-designer/fixtures/flowable/legacy-user-task.bpmn","statementMap":{},"fnMap":{},"branchMap":{},"s":{},"f":{},"b":{},"meta":{"lastBranch":0,"lastFunction":0,"lastStatement":0,"seen":{}}}
,"/home/tomasz/Pulpit/vsc-flowable-designer/src/web/flowable/roundTrip.ts": {"path":"/home/tomasz/Pulpit/vsc-flowable-designer/src/web/flowable/roundTrip.ts","statementMap":{"0":{"start":{"line":24,"column":27},"end":{"line":24,"column":null}},"1":{"start":{"line":25,"column":29},"end":{"line":25,"column":null}},"2":{"start":{"line":26,"column":24},"end":{"line":26,"column":null}},"3":{"start":{"line":28,"column":35},"end":{"line":28,"column":99}},"4":{"start":{"line":28,"column":80},"end":{"line":28,"column":98}},"5":{"start":{"line":29,"column":19},"end":{"line":29,"column":38}},"6":{"start":{"line":32,"column":16},"end":{"line":32,"column":null}},"7":{"start":{"line":34,"column":20},"end":{"line":37,"column":null}},"8":{"start":{"line":36,"column":2},"end":{"line":36,"column":null}},"9":{"start":{"line":38,"column":17},"end":{"line":38,"column":null}},"10":{"start":{"line":39,"column":13},"end":{"line":39,"column":null}},"11":{"start":{"line":40,"column":9},"end":{"line":40,"column":null}},"12":{"start":{"line":42,"column":1},"end":{"line":82,"column":null}},"13":{"start":{"line":43,"column":2},"end":{"line":47,"column":null}},"14":{"start":{"line":44,"column":15},"end":{"line":44,"column":41}},"15":{"start":{"line":45,"column":3},"end":{"line":45,"column":null}},"16":{"start":{"line":46,"column":3},"end":{"line":46,"column":null}},"17":{"start":{"line":47,"column":3},"end":{"line":47,"column":null}},"18":{"start":{"line":50,"column":17},"end":{"line":50,"column":43}},"19":{"start":{"line":51,"column":2},"end":{"line":53,"column":null}},"20":{"start":{"line":52,"column":3},"end":{"line":52,"column":null}},"21":{"start":{"line":53,"column":3},"end":{"line":53,"column":null}},"22":{"start":{"line":56,"column":14},"end":{"line":56,"column":49}},"23":{"start":{"line":58,"column":2},"end":{"line":79,"column":null}},"24":{"start":{"line":59,"column":3},"end":{"line":59,"column":null}},"25":{"start":{"line":60,"column":13},"end":{"line":79,"column":null}},"26":{"start":{"line":61,"column":3},"end":{"line":61,"column":null}},"27":{"start":{"line":62,"column":3},"end":{"line":62,"column":null}},"28":{"start":{"line":63,"column":13},"end":{"line":79,"column":null}},"29":{"start":{"line":64,"column":3},"end":{"line":64,"column":null}},"30":{"start":{"line":66,"column":19},"end":{"line":66,"column":null}},"31":{"start":{"line":67,"column":3},"end":{"line":74,"column":null}},"32":{"start":{"line":68,"column":20},"end":{"line":68,"column":52}},"33":{"start":{"line":69,"column":4},"end":{"line":74,"column":null}},"34":{"start":{"line":70,"column":24},"end":{"line":70,"column":56}},"35":{"start":{"line":71,"column":5},"end":{"line":74,"column":null}},"36":{"start":{"line":72,"column":6},"end":{"line":72,"column":null}},"37":{"start":{"line":73,"column":6},"end":{"line":73,"column":null}},"38":{"start":{"line":74,"column":6},"end":{"line":74,"column":null}},"39":{"start":{"line":78,"column":3},"end":{"line":78,"column":null}},"40":{"start":{"line":79,"column":3},"end":{"line":79,"column":null}},"41":{"start":{"line":82,"column":2},"end":{"line":82,"column":null}},"42":{"start":{"line":85,"column":1},"end":{"line":85,"column":null}},"43":{"start":{"line":91,"column":1},"end":{"line":91,"column":null}},"44":{"start":{"line":91,"column":76},"end":{"line":91,"column":112}},"45":{"start":{"line":95,"column":1},"end":{"line":95,"column":null}},"46":{"start":{"line":99,"column":1},"end":{"line":104,"column":null}},"47":{"start":{"line":108,"column":29},"end":{"line":110,"column":12}},"48":{"start":{"line":109,"column":26},"end":{"line":109,"column":64}},"49":{"start":{"line":112,"column":1},"end":{"line":112,"column":null}},"50":{"start":{"line":116,"column":7},"end":{"line":116,"column":95}},"51":{"start":{"line":117,"column":1},"end":{"line":118,"column":null}},"52":{"start":{"line":118,"column":2},"end":{"line":118,"column":null}},"53":{"start":{"line":120,"column":1},"end":{"line":120,"column":null}},"54":{"start":{"line":124,"column":1},"end":{"line":124,"column":null}},"55":{"start":{"line":124,"column":52},"end":{"line":124,"column":86}},"56":{"start":{"line":128,"column":17},"end":{"line":128,"column":null}},"57":{"start":{"line":129,"column":1},"end":{"line":129,"column":null}},"58":{"start":{"line":133,"column":33},"end":{"line":133,"column":null}},"59":{"start":{"line":134,"column":1},"end":{"line":134,"column":null}},"60":{"start":{"line":138,"column":1},"end":{"line":138,"column":null}},"61":{"start":{"line":142,"column":14},"end":{"line":142,"column":null}},"62":{"start":{"line":143,"column":22},"end":{"line":143,"column":null}},"63":{"start":{"line":144,"column":19},"end":{"line":144,"column":null}},"64":{"start":{"line":145,"column":15},"end":{"line":145,"column":null}},"65":{"start":{"line":147,"column":1},"end":{"line":152,"column":null}},"66":{"start":{"line":156,"column":28},"end":{"line":160,"column":null}},"67":{"start":{"line":162,"column":2},"end":{"line":166,"column":null}},"68":{"start":{"line":168,"column":1},"end":{"line":173,"column":null}},"69":{"start":{"line":177,"column":1},"end":{"line":185,"column":null}},"70":{"start":{"line":189,"column":1},"end":{"line":214,"column":null}},"71":{"start":{"line":218,"column":1},"end":{"line":223,"column":null}},"72":{"start":{"line":227,"column":25},"end":{"line":227,"column":68}},"73":{"start":{"line":228,"column":29},"end":{"line":228,"column":76}},"74":{"start":{"line":229,"column":1},"end":{"line":235,"column":null}},"75":{"start":{"line":239,"column":44},"end":{"line":239,"column":null}},"76":{"start":{"line":240,"column":1},"end":{"line":243,"column":null}},"77":{"start":{"line":241,"column":16},"end":{"line":241,"column":46}},"78":{"start":{"line":242,"column":2},"end":{"line":243,"column":null}},"79":{"start":{"line":243,"column":3},"end":{"line":243,"column":null}},"80":{"start":{"line":246,"column":1},"end":{"line":246,"column":null}},"81":{"start":{"line":250,"column":16},"end":{"line":250,"column":null}},"82":{"start":{"line":251,"column":19},"end":{"line":251,"column":null}},"83":{"start":{"line":252,"column":22},"end":{"line":252,"column":null}},"84":{"start":{"line":253,"column":21},"end":{"line":253,"column":null}},"85":{"start":{"line":254,"column":22},"end":{"line":254,"column":null}},"86":{"start":{"line":255,"column":20},"end":{"line":255,"column":null}},"87":{"start":{"line":257,"column":57},"end":{"line":257,"column":null}},"88":{"start":{"line":258,"column":22},"end":{"line":258,"column":null}},"89":{"start":{"line":260,"column":1},"end":{"line":275,"column":null}},"90":{"start":{"line":261,"column":19},"end":{"line":261,"column":null}},"91":{"start":{"line":262,"column":2},"end":{"line":262,"column":null}},"92":{"start":{"line":263,"column":2},"end":{"line":263,"column":null}},"93":{"start":{"line":264,"column":12},"end":{"line":275,"column":null}},"94":{"start":{"line":265,"column":2},"end":{"line":265,"column":null}},"95":{"start":{"line":266,"column":2},"end":{"line":266,"column":null}},"96":{"start":{"line":267,"column":12},"end":{"line":275,"column":null}},"97":{"start":{"line":268,"column":2},"end":{"line":268,"column":null}},"98":{"start":{"line":269,"column":2},"end":{"line":269,"column":null}},"99":{"start":{"line":270,"column":12},"end":{"line":275,"column":null}},"100":{"start":{"line":271,"column":2},"end":{"line":271,"column":null}},"101":{"start":{"line":272,"column":2},"end":{"line":272,"column":null}},"102":{"start":{"line":274,"column":2},"end":{"line":274,"column":null}},"103":{"start":{"line":275,"column":2},"end":{"line":275,"column":null}},"104":{"start":{"line":278,"column":1},"end":{"line":284,"column":null}},"105":{"start":{"line":288,"column":25},"end":{"line":288,"column":27}},"106":{"start":{"line":289,"column":1},"end":{"line":290,"column":null}},"107":{"start":{"line":290,"column":2},"end":{"line":290,"column":null}},"108":{"start":{"line":292,"column":1},"end":{"line":293,"column":null}},"109":{"start":{"line":293,"column":2},"end":{"line":293,"column":null}},"110":{"start":{"line":295,"column":1},"end":{"line":313,"column":null}},"111":{"start":{"line":297,"column":3},"end":{"line":297,"column":null}},"112":{"start":{"line":298,"column":3},"end":{"line":298,"column":null}},"113":{"start":{"line":300,"column":3},"end":{"line":300,"column":null}},"114":{"start":{"line":301,"column":3},"end":{"line":301,"column":null}},"115":{"start":{"line":303,"column":3},"end":{"line":303,"column":null}},"116":{"start":{"line":304,"column":3},"end":{"line":304,"column":null}},"117":{"start":{"line":306,"column":3},"end":{"line":306,"column":null}},"118":{"start":{"line":307,"column":3},"end":{"line":307,"column":null}},"119":{"start":{"line":309,"column":3},"end":{"line":309,"column":null}},"120":{"start":{"line":310,"column":3},"end":{"line":310,"column":null}},"121":{"start":{"line":312,"column":3},"end":{"line":312,"column":null}},"122":{"start":{"line":313,"column":3},"end":{"line":313,"column":null}},"123":{"start":{"line":315,"column":1},"end":{"line":315,"column":null}},"124":{"start":{"line":319,"column":15},"end":{"line":319,"column":61}},"125":{"start":{"line":320,"column":1},"end":{"line":321,"column":null}},"126":{"start":{"line":321,"column":2},"end":{"line":321,"column":null}},"127":{"start":{"line":323,"column":15},"end":{"line":325,"column":null}},"128":{"start":{"line":326,"column":1},"end":{"line":326,"column":null}},"129":{"start":{"line":330,"column":25},"end":{"line":330,"column":27}},"130":{"start":{"line":331,"column":1},"end":{"line":332,"column":null}},"131":{"start":{"line":332,"column":2},"end":{"line":332,"column":null}},"132":{"start":{"line":334,"column":1},"end":{"line":335,"column":null}},"133":{"start":{"line":335,"column":2},"end":{"line":335,"column":null}},"134":{"start":{"line":337,"column":1},"end":{"line":337,"column":null}},"135":{"start":{"line":338,"column":1},"end":{"line":338,"column":null}},"136":{"start":{"line":342,"column":25},"end":{"line":342,"column":60}},"137":{"start":{"line":343,"column":1},"end":{"line":344,"column":null}},"138":{"start":{"line":344,"column":2},"end":{"line":344,"column":null}},"139":{"start":{"line":346,"column":1},"end":{"line":347,"column":null}},"140":{"start":{"line":347,"column":2},"end":{"line":347,"column":null}},"141":{"start":{"line":349,"column":13},"end":{"line":349,"column":null}},"142":{"start":{"line":350,"column":1},"end":{"line":351,"column":null}},"143":{"start":{"line":351,"column":2},"end":{"line":351,"column":null}},"144":{"start":{"line":353,"column":1},"end":{"line":354,"column":null}},"145":{"start":{"line":354,"column":2},"end":{"line":354,"column":null}},"146":{"start":{"line":356,"column":1},"end":{"line":356,"column":null}},"147":{"start":{"line":363,"column":1},"end":{"line":364,"column":null}},"148":{"start":{"line":364,"column":2},"end":{"line":364,"column":null}},"149":{"start":{"line":367,"column":14},"end":{"line":367,"column":null}},"150":{"start":{"line":368,"column":1},"end":{"line":369,"column":null}},"151":{"start":{"line":369,"column":2},"end":{"line":369,"column":null}},"152":{"start":{"line":372,"column":1},"end":{"line":444,"column":null}},"153":{"start":{"line":380,"column":51},"end":{"line":380,"column":63}},"154":{"start":{"line":381,"column":52},"end":{"line":381,"column":64}},"155":{"start":{"line":383,"column":52},"end":{"line":383,"column":67}},"156":{"start":{"line":384,"column":53},"end":{"line":384,"column":68}},"157":{"start":{"line":386,"column":57},"end":{"line":386,"column":72}},"158":{"start":{"line":387,"column":58},"end":{"line":387,"column":73}},"159":{"start":{"line":389,"column":53},"end":{"line":389,"column":68}},"160":{"start":{"line":390,"column":54},"end":{"line":390,"column":69}},"161":{"start":{"line":392,"column":51},"end":{"line":392,"column":63}},"162":{"start":{"line":393,"column":52},"end":{"line":393,"column":64}},"163":{"start":{"line":395,"column":52},"end":{"line":395,"column":64}},"164":{"start":{"line":396,"column":53},"end":{"line":396,"column":65}},"165":{"start":{"line":431,"column":45},"end":{"line":431,"column":53}},"166":{"start":{"line":432,"column":46},"end":{"line":432,"column":54}},"167":{"start":{"line":448,"column":32},"end":{"line":457,"column":null}},"168":{"start":{"line":449,"column":2},"end":{"line":455,"column":null}},"169":{"start":{"line":459,"column":1},"end":{"line":460,"column":null}},"170":{"start":{"line":460,"column":2},"end":{"line":460,"column":null}},"171":{"start":{"line":465,"column":7},"end":{"line":465,"column":49}},"172":{"start":{"line":466,"column":7},"end":{"line":466,"column":39}},"173":{"start":{"line":467,"column":21},"end":{"line":467,"column":null}},"174":{"start":{"line":468,"column":1},"end":{"line":469,"column":null}},"175":{"start":{"line":469,"column":2},"end":{"line":469,"column":null}},"176":{"start":{"line":472,"column":1},"end":{"line":474,"column":null}},"177":{"start":{"line":473,"column":2},"end":{"line":474,"column":null}},"178":{"start":{"line":474,"column":3},"end":{"line":474,"column":null}},"179":{"start":{"line":479,"column":1},"end":{"line":479,"column":null}},"180":{"start":{"line":482,"column":1},"end":{"line":487,"column":null}},"181":{"start":{"line":483,"column":13},"end":{"line":483,"column":40}},"182":{"start":{"line":484,"column":15},"end":{"line":484,"column":44}},"183":{"start":{"line":485,"column":2},"end":{"line":487,"column":null}},"184":{"start":{"line":486,"column":17},"end":{"line":486,"column":null}},"185":{"start":{"line":487,"column":3},"end":{"line":487,"column":null}},"186":{"start":{"line":492,"column":1},"end":{"line":496,"column":null}},"187":{"start":{"line":493,"column":13},"end":{"line":493,"column":41}},"188":{"start":{"line":494,"column":15},"end":{"line":494,"column":45}},"189":{"start":{"line":495,"column":2},"end":{"line":496,"column":null}},"190":{"start":{"line":496,"column":3},"end":{"line":496,"column":null}},"191":{"start":{"line":501,"column":1},"end":{"line":539,"column":null}},"192":{"start":{"line":502,"column":16},"end":{"line":502,"column":77}},"193":{"start":{"line":503,"column":2},"end":{"line":517,"column":null}},"194":{"start":{"line":504,"column":3},"end":{"line":517,"column":null}},"195":{"start":{"line":505,"column":4},"end":{"line":517,"column":null}},"196":{"start":{"line":506,"column":5},"end":{"line":506,"column":null}},"197":{"start":{"line":507,"column":15},"end":{"line":517,"column":null}},"198":{"start":{"line":508,"column":20},"end":{"line":508,"column":null}},"199":{"start":{"line":509,"column":18},"end":{"line":509,"column":null}},"200":{"start":{"line":510,"column":22},"end":{"line":510,"column":61}},"201":{"start":{"line":511,"column":25},"end":{"line":511,"column":null}},"202":{"start":{"line":512,"column":5},"end":{"line":517,"column":null}},"203":{"start":{"line":523,"column":2},"end":{"line":539,"column":null}},"204":{"start":{"line":524,"column":3},"end":{"line":539,"column":null}},"205":{"start":{"line":525,"column":15},"end":{"line":525,"column":null}},"206":{"start":{"line":526,"column":17},"end":{"line":526,"column":null}},"207":{"start":{"line":527,"column":27},"end":{"line":527,"column":null}},"208":{"start":{"line":529,"column":23},"end":{"line":529,"column":null}},"209":{"start":{"line":530,"column":19},"end":{"line":530,"column":66}},"210":{"start":{"line":531,"column":4},"end":{"line":534,"column":null}},"211":{"start":{"line":532,"column":5},"end":{"line":534,"column":null}},"212":{"start":{"line":533,"column":6},"end":{"line":534,"column":null}},"213":{"start":{"line":534,"column":7},"end":{"line":534,"column":null}},"214":{"start":{"line":538,"column":4},"end":{"line":539,"column":null}},"215":{"start":{"line":539,"column":5},"end":{"line":539,"column":null}},"216":{"start":{"line":545,"column":1},"end":{"line":697,"column":null}},"217":{"start":{"line":546,"column":13},"end":{"line":546,"column":36}},"218":{"start":{"line":547,"column":2},"end":{"line":548,"column":null}},"219":{"start":{"line":548,"column":3},"end":{"line":548,"column":null}},"220":{"start":{"line":551,"column":23},"end":{"line":551,"column":60}},"221":{"start":{"line":553,"column":2},"end":{"line":565,"column":null}},"222":{"start":{"line":554,"column":3},"end":{"line":555,"column":null}},"223":{"start":{"line":555,"column":4},"end":{"line":555,"column":null}},"224":{"start":{"line":558,"column":3},"end":{"line":561,"column":null}},"225":{"start":{"line":559,"column":16},"end":{"line":559,"column":56}},"226":{"start":{"line":560,"column":4},"end":{"line":560,"column":null}},"227":{"start":{"line":561,"column":4},"end":{"line":561,"column":null}},"228":{"start":{"line":564,"column":3},"end":{"line":565,"column":null}},"229":{"start":{"line":565,"column":4},"end":{"line":565,"column":null}},"230":{"start":{"line":569,"column":28},"end":{"line":569,"column":70}},"231":{"start":{"line":570,"column":2},"end":{"line":630,"column":null}},"232":{"start":{"line":571,"column":3},"end":{"line":630,"column":null}},"233":{"start":{"line":572,"column":4},"end":{"line":574,"column":null}},"234":{"start":{"line":573,"column":5},"end":{"line":573,"column":null}},"235":{"start":{"line":574,"column":5},"end":{"line":574,"column":null}},"236":{"start":{"line":577,"column":4},"end":{"line":579,"column":null}},"237":{"start":{"line":578,"column":5},"end":{"line":578,"column":null}},"238":{"start":{"line":579,"column":5},"end":{"line":579,"column":null}},"239":{"start":{"line":582,"column":4},"end":{"line":584,"column":null}},"240":{"start":{"line":583,"column":5},"end":{"line":583,"column":null}},"241":{"start":{"line":584,"column":5},"end":{"line":584,"column":null}},"242":{"start":{"line":587,"column":4},"end":{"line":589,"column":null}},"243":{"start":{"line":588,"column":5},"end":{"line":588,"column":null}},"244":{"start":{"line":589,"column":5},"end":{"line":589,"column":null}},"245":{"start":{"line":592,"column":4},"end":{"line":594,"column":null}},"246":{"start":{"line":593,"column":5},"end":{"line":593,"column":null}},"247":{"start":{"line":594,"column":5},"end":{"line":594,"column":null}},"248":{"start":{"line":597,"column":4},"end":{"line":599,"column":null}},"249":{"start":{"line":598,"column":5},"end":{"line":598,"column":null}},"250":{"start":{"line":599,"column":5},"end":{"line":599,"column":null}},"251":{"start":{"line":602,"column":4},"end":{"line":604,"column":null}},"252":{"start":{"line":604,"column":5},"end":{"line":604,"column":null}},"253":{"start":{"line":607,"column":4},"end":{"line":609,"column":null}},"254":{"start":{"line":609,"column":5},"end":{"line":609,"column":null}},"255":{"start":{"line":612,"column":4},"end":{"line":614,"column":null}},"256":{"start":{"line":613,"column":5},"end":{"line":613,"column":null}},"257":{"start":{"line":614,"column":5},"end":{"line":614,"column":null}},"258":{"start":{"line":617,"column":4},"end":{"line":627,"column":null}},"259":{"start":{"line":618,"column":23},"end":{"line":618,"column":null}},"260":{"start":{"line":619,"column":23},"end":{"line":619,"column":null}},"261":{"start":{"line":620,"column":36},"end":{"line":620,"column":null}},"262":{"start":{"line":621,"column":5},"end":{"line":626,"column":null}},"263":{"start":{"line":627,"column":5},"end":{"line":627,"column":null}},"264":{"start":{"line":630,"column":4},"end":{"line":630,"column":null}},"265":{"start":{"line":635,"column":26},"end":{"line":635,"column":64}},"266":{"start":{"line":636,"column":2},"end":{"line":637,"column":null}},"267":{"start":{"line":637,"column":3},"end":{"line":637,"column":null}},"268":{"start":{"line":641,"column":32},"end":{"line":641,"column":76}},"269":{"start":{"line":642,"column":2},"end":{"line":643,"column":null}},"270":{"start":{"line":643,"column":3},"end":{"line":643,"column":null}},"271":{"start":{"line":647,"column":19},"end":{"line":647,"column":50}},"272":{"start":{"line":648,"column":2},"end":{"line":649,"column":null}},"273":{"start":{"line":649,"column":3},"end":{"line":649,"column":null}},"274":{"start":{"line":653,"column":26},"end":{"line":653,"column":83}},"275":{"start":{"line":654,"column":2},"end":{"line":655,"column":null}},"276":{"start":{"line":655,"column":3},"end":{"line":655,"column":null}},"277":{"start":{"line":659,"column":26},"end":{"line":659,"column":71}},"278":{"start":{"line":660,"column":2},"end":{"line":661,"column":null}},"279":{"start":{"line":661,"column":3},"end":{"line":661,"column":null}},"280":{"start":{"line":664,"column":26},"end":{"line":664,"column":71}},"281":{"start":{"line":665,"column":2},"end":{"line":666,"column":null}},"282":{"start":{"line":666,"column":3},"end":{"line":666,"column":null}},"283":{"start":{"line":669,"column":27},"end":{"line":669,"column":73}},"284":{"start":{"line":670,"column":2},"end":{"line":671,"column":null}},"285":{"start":{"line":671,"column":3},"end":{"line":671,"column":null}},"286":{"start":{"line":674,"column":28},"end":{"line":674,"column":75}},"287":{"start":{"line":675,"column":2},"end":{"line":676,"column":null}},"288":{"start":{"line":676,"column":3},"end":{"line":676,"column":null}},"289":{"start":{"line":680,"column":30},"end":{"line":680,"column":79}},"290":{"start":{"line":681,"column":2},"end":{"line":682,"column":null}},"291":{"start":{"line":682,"column":3},"end":{"line":682,"column":null}},"292":{"start":{"line":686,"column":31},"end":{"line":686,"column":81}},"293":{"start":{"line":687,"column":2},"end":{"line":688,"column":null}},"294":{"start":{"line":688,"column":3},"end":{"line":688,"column":null}},"295":{"start":{"line":692,"column":32},"end":{"line":692,"column":70}},"296":{"start":{"line":693,"column":2},"end":{"line":694,"column":null}},"297":{"start":{"line":694,"column":3},"end":{"line":694,"column":null}},"298":{"start":{"line":697,"column":2},"end":{"line":697,"column":null}},"299":{"start":{"line":700,"column":1},"end":{"line":700,"column":null}},"300":{"start":{"line":701,"column":1},"end":{"line":701,"column":null}},"301":{"start":{"line":709,"column":23},"end":{"line":709,"column":64}},"302":{"start":{"line":710,"column":7},"end":{"line":710,"column":54}},"303":{"start":{"line":712,"column":1},"end":{"line":715,"column":null}},"304":{"start":{"line":718,"column":1},"end":{"line":719,"column":null}},"305":{"start":{"line":719,"column":2},"end":{"line":719,"column":null}},"306":{"start":{"line":722,"column":1},"end":{"line":725,"column":null}},"307":{"start":{"line":723,"column":29},"end":{"line":723,"column":96}},"308":{"start":{"line":724,"column":2},"end":{"line":725,"column":null}},"309":{"start":{"line":725,"column":3},"end":{"line":725,"column":null}},"310":{"start":{"line":730,"column":1},"end":{"line":733,"column":null}},"311":{"start":{"line":731,"column":2},"end":{"line":733,"column":null}},"312":{"start":{"line":732,"column":49},"end":{"line":732,"column":57}},"313":{"start":{"line":733,"column":49},"end":{"line":733,"column":57}},"314":{"start":{"line":735,"column":1},"end":{"line":738,"column":null}},"315":{"start":{"line":736,"column":2},"end":{"line":738,"column":null}},"316":{"start":{"line":737,"column":50},"end":{"line":737,"column":58}},"317":{"start":{"line":738,"column":50},"end":{"line":738,"column":58}},"318":{"start":{"line":740,"column":1},"end":{"line":741,"column":null}},"319":{"start":{"line":741,"column":2},"end":{"line":741,"column":null}},"320":{"start":{"line":741,"column":72},"end":{"line":741,"column":80}},"321":{"start":{"line":743,"column":1},"end":{"line":744,"column":null}},"322":{"start":{"line":744,"column":2},"end":{"line":744,"column":null}},"323":{"start":{"line":744,"column":70},"end":{"line":744,"column":78}},"324":{"start":{"line":746,"column":1},"end":{"line":749,"column":null}},"325":{"start":{"line":747,"column":2},"end":{"line":747,"column":null}},"326":{"start":{"line":747,"column":66},"end":{"line":747,"column":74}},"327":{"start":{"line":748,"column":12},"end":{"line":749,"column":null}},"328":{"start":{"line":749,"column":2},"end":{"line":749,"column":null}},"329":{"start":{"line":749,"column":66},"end":{"line":749,"column":74}},"330":{"start":{"line":752,"column":1},"end":{"line":752,"column":null}},"331":{"start":{"line":754,"column":7},"end":{"line":754,"column":49}},"332":{"start":{"line":755,"column":21},"end":{"line":755,"column":null}},"333":{"start":{"line":756,"column":1},"end":{"line":757,"column":null}},"334":{"start":{"line":757,"column":2},"end":{"line":757,"column":null}},"335":{"start":{"line":760,"column":1},"end":{"line":761,"column":null}},"336":{"start":{"line":761,"column":2},"end":{"line":761,"column":null}},"337":{"start":{"line":765,"column":1},"end":{"line":766,"column":null}},"338":{"start":{"line":766,"column":2},"end":{"line":766,"column":null}},"339":{"start":{"line":769,"column":1},"end":{"line":974,"column":null}},"340":{"start":{"line":770,"column":13},"end":{"line":770,"column":39}},"341":{"start":{"line":771,"column":2},"end":{"line":772,"column":null}},"342":{"start":{"line":772,"column":3},"end":{"line":772,"column":null}},"343":{"start":{"line":775,"column":23},"end":{"line":775,"column":null}},"344":{"start":{"line":776,"column":2},"end":{"line":777,"column":null}},"345":{"start":{"line":777,"column":3},"end":{"line":777,"column":null}},"346":{"start":{"line":780,"column":2},"end":{"line":786,"column":null}},"347":{"start":{"line":781,"column":25},"end":{"line":781,"column":null}},"348":{"start":{"line":782,"column":17},"end":{"line":782,"column":61}},"349":{"start":{"line":783,"column":3},"end":{"line":786,"column":null}},"350":{"start":{"line":784,"column":4},"end":{"line":784,"column":null}},"351":{"start":{"line":786,"column":4},"end":{"line":786,"column":null}},"352":{"start":{"line":790,"column":2},"end":{"line":792,"column":null}},"353":{"start":{"line":791,"column":3},"end":{"line":792,"column":null}},"354":{"start":{"line":792,"column":4},"end":{"line":792,"column":null}},"355":{"start":{"line":796,"column":35},"end":{"line":813,"column":null}},"356":{"start":{"line":798,"column":50},"end":{"line":798,"column":92}},"357":{"start":{"line":799,"column":51},"end":{"line":799,"column":94}},"358":{"start":{"line":800,"column":51},"end":{"line":800,"column":103}},"359":{"start":{"line":801,"column":56},"end":{"line":801,"column":113}},"360":{"start":{"line":807,"column":18},"end":{"line":807,"column":20}},"361":{"start":{"line":808,"column":4},"end":{"line":808,"column":null}},"362":{"start":{"line":808,"column":24},"end":{"line":808,"column":null}},"363":{"start":{"line":809,"column":4},"end":{"line":809,"column":null}},"364":{"start":{"line":809,"column":37},"end":{"line":809,"column":null}},"365":{"start":{"line":810,"column":4},"end":{"line":810,"column":null}},"366":{"start":{"line":814,"column":36},"end":{"line":814,"column":81}},"367":{"start":{"line":816,"column":2},"end":{"line":831,"column":null}},"368":{"start":{"line":817,"column":3},"end":{"line":818,"column":null}},"369":{"start":{"line":818,"column":4},"end":{"line":818,"column":null}},"370":{"start":{"line":821,"column":29},"end":{"line":821,"column":125}},"371":{"start":{"line":822,"column":3},"end":{"line":823,"column":null}},"372":{"start":{"line":823,"column":4},"end":{"line":823,"column":null}},"373":{"start":{"line":826,"column":3},"end":{"line":827,"column":null}},"374":{"start":{"line":827,"column":4},"end":{"line":827,"column":null}},"375":{"start":{"line":830,"column":3},"end":{"line":831,"column":null}},"376":{"start":{"line":831,"column":4},"end":{"line":831,"column":null}},"377":{"start":{"line":836,"column":2},"end":{"line":847,"column":null}},"378":{"start":{"line":837,"column":23},"end":{"line":837,"column":64}},"379":{"start":{"line":838,"column":3},"end":{"line":847,"column":null}},"380":{"start":{"line":839,"column":4},"end":{"line":844,"column":null}},"381":{"start":{"line":840,"column":5},"end":{"line":840,"column":null}},"382":{"start":{"line":842,"column":19},"end":{"line":842,"column":82}},"383":{"start":{"line":843,"column":5},"end":{"line":843,"column":null}},"384":{"start":{"line":844,"column":5},"end":{"line":844,"column":null}},"385":{"start":{"line":846,"column":14},"end":{"line":847,"column":null}},"386":{"start":{"line":847,"column":4},"end":{"line":847,"column":null}},"387":{"start":{"line":852,"column":2},"end":{"line":864,"column":null}},"388":{"start":{"line":853,"column":29},"end":{"line":853,"column":76}},"389":{"start":{"line":854,"column":3},"end":{"line":864,"column":null}},"390":{"start":{"line":855,"column":4},"end":{"line":861,"column":null}},"391":{"start":{"line":856,"column":5},"end":{"line":856,"column":null}},"392":{"start":{"line":858,"column":20},"end":{"line":858,"column":89}},"393":{"start":{"line":859,"column":5},"end":{"line":859,"column":null}},"394":{"start":{"line":860,"column":5},"end":{"line":860,"column":null}},"395":{"start":{"line":861,"column":5},"end":{"line":861,"column":null}},"396":{"start":{"line":863,"column":14},"end":{"line":864,"column":null}},"397":{"start":{"line":864,"column":4},"end":{"line":864,"column":null}},"398":{"start":{"line":869,"column":2},"end":{"line":880,"column":null}},"399":{"start":{"line":870,"column":26},"end":{"line":870,"column":60}},"400":{"start":{"line":871,"column":3},"end":{"line":880,"column":null}},"401":{"start":{"line":872,"column":4},"end":{"line":877,"column":null}},"402":{"start":{"line":873,"column":5},"end":{"line":873,"column":null}},"403":{"start":{"line":875,"column":22},"end":{"line":875,"column":78}},"404":{"start":{"line":876,"column":5},"end":{"line":876,"column":null}},"405":{"start":{"line":877,"column":5},"end":{"line":877,"column":null}},"406":{"start":{"line":879,"column":14},"end":{"line":880,"column":null}},"407":{"start":{"line":880,"column":4},"end":{"line":880,"column":null}},"408":{"start":{"line":885,"column":32},"end":{"line":885,"column":92}},"409":{"start":{"line":886,"column":2},"end":{"line":895,"column":null}},"410":{"start":{"line":887,"column":22},"end":{"line":887,"column":114}},"411":{"start":{"line":888,"column":3},"end":{"line":889,"column":null}},"412":{"start":{"line":889,"column":4},"end":{"line":889,"column":null}},"413":{"start":{"line":891,"column":3},"end":{"line":892,"column":null}},"414":{"start":{"line":892,"column":4},"end":{"line":892,"column":null}},"415":{"start":{"line":894,"column":13},"end":{"line":895,"column":null}},"416":{"start":{"line":895,"column":3},"end":{"line":895,"column":null}},"417":{"start":{"line":899,"column":27},"end":{"line":899,"column":75}},"418":{"start":{"line":900,"column":2},"end":{"line":917,"column":null}},"419":{"start":{"line":901,"column":3},"end":{"line":904,"column":null}},"420":{"start":{"line":902,"column":21},"end":{"line":902,"column":65}},"421":{"start":{"line":903,"column":4},"end":{"line":904,"column":null}},"422":{"start":{"line":904,"column":5},"end":{"line":904,"column":null}},"423":{"start":{"line":907,"column":3},"end":{"line":910,"column":null}},"424":{"start":{"line":908,"column":23},"end":{"line":908,"column":104}},"425":{"start":{"line":909,"column":4},"end":{"line":909,"column":null}},"426":{"start":{"line":910,"column":4},"end":{"line":910,"column":null}},"427":{"start":{"line":912,"column":13},"end":{"line":917,"column":null}},"428":{"start":{"line":913,"column":22},"end":{"line":913,"column":92}},"429":{"start":{"line":914,"column":22},"end":{"line":914,"column":103}},"430":{"start":{"line":915,"column":3},"end":{"line":915,"column":null}},"431":{"start":{"line":916,"column":3},"end":{"line":916,"column":null}},"432":{"start":{"line":917,"column":3},"end":{"line":917,"column":null}},"433":{"start":{"line":921,"column":27},"end":{"line":921,"column":75}},"434":{"start":{"line":922,"column":2},"end":{"line":926,"column":null}},"435":{"start":{"line":923,"column":3},"end":{"line":926,"column":null}},"436":{"start":{"line":924,"column":4},"end":{"line":924,"column":null}},"437":{"start":{"line":926,"column":4},"end":{"line":926,"column":null}},"438":{"start":{"line":931,"column":28},"end":{"line":931,"column":77}},"439":{"start":{"line":932,"column":2},"end":{"line":936,"column":null}},"440":{"start":{"line":933,"column":3},"end":{"line":936,"column":null}},"441":{"start":{"line":934,"column":4},"end":{"line":934,"column":null}},"442":{"start":{"line":936,"column":4},"end":{"line":936,"column":null}},"443":{"start":{"line":941,"column":29},"end":{"line":941,"column":79}},"444":{"start":{"line":942,"column":2},"end":{"line":946,"column":null}},"445":{"start":{"line":943,"column":3},"end":{"line":946,"column":null}},"446":{"start":{"line":944,"column":4},"end":{"line":944,"column":null}},"447":{"start":{"line":946,"column":4},"end":{"line":946,"column":null}},"448":{"start":{"line":951,"column":31},"end":{"line":951,"column":83}},"449":{"start":{"line":952,"column":2},"end":{"line":956,"column":null}},"450":{"start":{"line":953,"column":3},"end":{"line":956,"column":null}},"451":{"start":{"line":954,"column":4},"end":{"line":954,"column":null}},"452":{"start":{"line":956,"column":4},"end":{"line":956,"column":null}},"453":{"start":{"line":961,"column":32},"end":{"line":961,"column":85}},"454":{"start":{"line":962,"column":2},"end":{"line":966,"column":null}},"455":{"start":{"line":963,"column":3},"end":{"line":966,"column":null}},"456":{"start":{"line":964,"column":4},"end":{"line":964,"column":null}},"457":{"start":{"line":966,"column":4},"end":{"line":966,"column":null}},"458":{"start":{"line":971,"column":2},"end":{"line":974,"column":null}},"459":{"start":{"line":972,"column":3},"end":{"line":972,"column":null}},"460":{"start":{"line":974,"column":3},"end":{"line":974,"column":null}},"461":{"start":{"line":979,"column":25},"end":{"line":980,"column":null}},"462":{"start":{"line":980,"column":26},"end":{"line":980,"column":null}},"463":{"start":{"line":982,"column":1},"end":{"line":983,"column":null}},"464":{"start":{"line":983,"column":2},"end":{"line":983,"column":null}},"465":{"start":{"line":985,"column":22},"end":{"line":985,"column":61}},"466":{"start":{"line":986,"column":1},"end":{"line":996,"column":null}},"467":{"start":{"line":987,"column":19},"end":{"line":987,"column":75}},"468":{"start":{"line":988,"column":2},"end":{"line":988,"column":null}},"469":{"start":{"line":989,"column":2},"end":{"line":989,"column":null}},"470":{"start":{"line":990,"column":2},"end":{"line":991,"column":null}},"471":{"start":{"line":991,"column":3},"end":{"line":991,"column":null}},"472":{"start":{"line":993,"column":2},"end":{"line":996,"column":null}},"473":{"start":{"line":994,"column":3},"end":{"line":994,"column":null}},"474":{"start":{"line":996,"column":3},"end":{"line":996,"column":null}},"475":{"start":{"line":1001,"column":26},"end":{"line":1002,"column":null}},"476":{"start":{"line":1002,"column":26},"end":{"line":1002,"column":null}},"477":{"start":{"line":1004,"column":1},"end":{"line":1005,"column":null}},"478":{"start":{"line":1005,"column":2},"end":{"line":1005,"column":null}},"479":{"start":{"line":1007,"column":1},"end":{"line":1014,"column":null}},"480":{"start":{"line":1008,"column":20},"end":{"line":1008,"column":77}},"481":{"start":{"line":1009,"column":2},"end":{"line":1009,"column":null}},"482":{"start":{"line":1010,"column":2},"end":{"line":1010,"column":null}},"483":{"start":{"line":1011,"column":2},"end":{"line":1014,"column":null}},"484":{"start":{"line":1012,"column":3},"end":{"line":1012,"column":null}},"485":{"start":{"line":1014,"column":3},"end":{"line":1014,"column":null}},"486":{"start":{"line":1019,"column":26},"end":{"line":1019,"column":65}},"487":{"start":{"line":1020,"column":1},"end":{"line":1043,"column":null}},"488":{"start":{"line":1022,"column":2},"end":{"line":1023,"column":null}},"489":{"start":{"line":1022,"column":74},"end":{"line":1022,"column":107}},"490":{"start":{"line":1023,"column":3},"end":{"line":1023,"column":null}},"491":{"start":{"line":1025,"column":2},"end":{"line":1043,"column":null}},"492":{"start":{"line":1026,"column":21},"end":{"line":1026,"column":81}},"493":{"start":{"line":1027,"column":3},"end":{"line":1027,"column":null}},"494":{"start":{"line":1028,"column":3},"end":{"line":1028,"column":null}},"495":{"start":{"line":1029,"column":3},"end":{"line":1030,"column":null}},"496":{"start":{"line":1030,"column":4},"end":{"line":1030,"column":null}},"497":{"start":{"line":1032,"column":3},"end":{"line":1041,"column":null}},"498":{"start":{"line":1033,"column":19},"end":{"line":1033,"column":86}},"499":{"start":{"line":1034,"column":20},"end":{"line":1036,"column":null}},"500":{"start":{"line":1038,"column":4},"end":{"line":1039,"column":null}},"501":{"start":{"line":1039,"column":5},"end":{"line":1039,"column":null}},"502":{"start":{"line":1041,"column":4},"end":{"line":1041,"column":null}},"503":{"start":{"line":1043,"column":3},"end":{"line":1043,"column":null}},"504":{"start":{"line":1048,"column":19},"end":{"line":1048,"column":58}},"505":{"start":{"line":1049,"column":1},"end":{"line":1078,"column":null}},"506":{"start":{"line":1050,"column":21},"end":{"line":1050,"column":68}},"507":{"start":{"line":1053,"column":2},"end":{"line":1057,"column":null}},"508":{"start":{"line":1054,"column":3},"end":{"line":1057,"column":null}},"509":{"start":{"line":1055,"column":9},"end":{"line":1055,"column":null}},"510":{"start":{"line":1057,"column":4},"end":{"line":1057,"column":null}},"511":{"start":{"line":1061,"column":21},"end":{"line":1061,"column":null}},"512":{"start":{"line":1062,"column":2},"end":{"line":1078,"column":null}},"513":{"start":{"line":1063,"column":3},"end":{"line":1065,"column":null}},"514":{"start":{"line":1064,"column":4},"end":{"line":1064,"column":null}},"515":{"start":{"line":1065,"column":4},"end":{"line":1065,"column":null}},"516":{"start":{"line":1068,"column":3},"end":{"line":1071,"column":null}},"517":{"start":{"line":1069,"column":29},"end":{"line":1069,"column":92}},"518":{"start":{"line":1070,"column":4},"end":{"line":1071,"column":null}},"519":{"start":{"line":1071,"column":5},"end":{"line":1071,"column":null}},"520":{"start":{"line":1075,"column":3},"end":{"line":1078,"column":null}},"521":{"start":{"line":1076,"column":28},"end":{"line":1076,"column":89}},"522":{"start":{"line":1077,"column":4},"end":{"line":1078,"column":null}},"523":{"start":{"line":1078,"column":5},"end":{"line":1078,"column":null}},"524":{"start":{"line":1084,"column":1},"end":{"line":1084,"column":null}}},"fnMap":{"0":{"name":"(anonymous_0)","decl":{"start":{"line":28,"column":67},"end":{"line":28,"column":72}},"loc":{"start":{"line":28,"column":80},"end":{"line":28,"column":98}},"line":28},"1":{"name":"formatXml","decl":{"start":{"line":31,"column":9},"end":{"line":31,"column":19}},"loc":{"start":{"line":31,"column":40},"end":{"line":85,"column":null}},"line":31},"2":{"name":"(anonymous_2)","decl":{"start":{"line":34,"column":32},"end":{"line":34,"column":47}},"loc":{"start":{"line":34,"column":70},"end":{"line":37,"column":null}},"line":34},"3":{"name":"getElementChildren","decl":{"start":{"line":90,"column":9},"end":{"line":90,"column":28}},"loc":{"start":{"line":90,"column":63},"end":{"line":91,"column":null}},"line":90},"4":{"name":"(anonymous_4)","decl":{"start":{"line":91,"column":39},"end":{"line":91,"column":47}},"loc":{"start":{"line":91,"column":76},"end":{"line":91,"column":112}},"line":91},"5":{"name":"getLocalName","decl":{"start":{"line":94,"column":9},"end":{"line":94,"column":22}},"loc":{"start":{"line":94,"column":45},"end":{"line":95,"column":null}},"line":94},"6":{"name":"escapeXml","decl":{"start":{"line":98,"column":9},"end":{"line":98,"column":19}},"loc":{"start":{"line":98,"column":42},"end":{"line":104,"column":null}},"line":98},"7":{"name":"buildNamespaceWrapper","decl":{"start":{"line":107,"column":9},"end":{"line":107,"column":31}},"loc":{"start":{"line":107,"column":75},"end":{"line":112,"column":null}},"line":107},"8":{"name":"(anonymous_8)","decl":{"start":{"line":109,"column":3},"end":{"line":109,"column":8}},"loc":{"start":{"line":109,"column":26},"end":{"line":109,"column":64}},"line":109},"9":{"name":"parseXmlFragment","decl":{"start":{"line":115,"column":9},"end":{"line":115,"column":26}},"loc":{"start":{"line":115,"column":89},"end":{"line":120,"column":null}},"line":115},"10":{"name":"findDirectChild","decl":{"start":{"line":123,"column":9},"end":{"line":123,"column":25}},"loc":{"start":{"line":123,"column":89},"end":{"line":124,"column":null}},"line":123},"11":{"name":"(anonymous_11)","decl":{"start":{"line":124,"column":36},"end":{"line":124,"column":42}},"loc":{"start":{"line":124,"column":52},"end":{"line":124,"column":86}},"line":124},"12":{"name":"buildFieldExtensionNode","decl":{"start":{"line":127,"column":9},"end":{"line":127,"column":33}},"loc":{"start":{"line":127,"column":81},"end":{"line":129,"column":null}},"line":127},"13":{"name":"buildListenerNode","decl":{"start":{"line":132,"column":9},"end":{"line":132,"column":27}},"loc":{"start":{"line":132,"column":128},"end":{"line":134,"column":null}},"line":132},"14":{"name":"buildFormPropertyNode","decl":{"start":{"line":137,"column":9},"end":{"line":137,"column":31}},"loc":{"start":{"line":137,"column":75},"end":{"line":138,"column":null}},"line":137},"15":{"name":"parseFieldExtension","decl":{"start":{"line":141,"column":9},"end":{"line":141,"column":29}},"loc":{"start":{"line":141,"column":74},"end":{"line":152,"column":null}},"line":141},"16":{"name":"parseListener","decl":{"start":{"line":155,"column":9},"end":{"line":155,"column":23}},"loc":{"start":{"line":155,"column":62},"end":{"line":173,"column":null}},"line":155},"17":{"name":"parseFormProperty","decl":{"start":{"line":176,"column":9},"end":{"line":176,"column":27}},"loc":{"start":{"line":176,"column":70},"end":{"line":185,"column":null}},"line":176},"18":{"name":"createElementState","decl":{"start":{"line":188,"column":9},"end":{"line":188,"column":28}},"loc":{"start":{"line":188,"column":76},"end":{"line":214,"column":null}},"line":188},"19":{"name":"parseIOParameter","decl":{"start":{"line":217,"column":9},"end":{"line":217,"column":26}},"loc":{"start":{"line":217,"column":68},"end":{"line":223,"column":null}},"line":217},"20":{"name":"parseMultiInstance","decl":{"start":{"line":226,"column":9},"end":{"line":226,"column":28}},"loc":{"start":{"line":226,"column":72},"end":{"line":235,"column":null}},"line":226},"21":{"name":"parseTimerDefinition","decl":{"start":{"line":238,"column":9},"end":{"line":238,"column":30}},"loc":{"start":{"line":238,"column":83},"end":{"line":246,"column":null}},"line":238},"22":{"name":"parseEventListener","decl":{"start":{"line":249,"column":9},"end":{"line":249,"column":28}},"loc":{"start":{"line":249,"column":72},"end":{"line":284,"column":null}},"line":249},"23":{"name":"buildEventListenerNode","decl":{"start":{"line":287,"column":9},"end":{"line":287,"column":32}},"loc":{"start":{"line":287,"column":73},"end":{"line":315,"column":null}},"line":287},"24":{"name":"buildLocalizationNode","decl":{"start":{"line":318,"column":9},"end":{"line":318,"column":31}},"loc":{"start":{"line":318,"column":75},"end":{"line":326,"column":null}},"line":318},"25":{"name":"buildIOParameterNode","decl":{"start":{"line":329,"column":9},"end":{"line":329,"column":30}},"loc":{"start":{"line":329,"column":83},"end":{"line":338,"column":null}},"line":329},"26":{"name":"buildMultiInstanceNode","decl":{"start":{"line":341,"column":9},"end":{"line":341,"column":32}},"loc":{"start":{"line":341,"column":67},"end":{"line":356,"column":null}},"line":341},"27":{"name":"mergeElementState","decl":{"start":{"line":359,"column":9},"end":{"line":359,"column":null}},"loc":{"start":{"line":362,"column":36},"end":{"line":444,"column":null}},"line":362},"28":{"name":"(anonymous_28)","decl":{"start":{"line":380,"column":35},"end":{"line":380,"column":40}},"loc":{"start":{"line":380,"column":51},"end":{"line":380,"column":63}},"line":380},"29":{"name":"(anonymous_29)","decl":{"start":{"line":381,"column":36},"end":{"line":381,"column":41}},"loc":{"start":{"line":381,"column":52},"end":{"line":381,"column":64}},"line":381},"30":{"name":"(anonymous_30)","decl":{"start":{"line":383,"column":33},"end":{"line":383,"column":38}},"loc":{"start":{"line":383,"column":52},"end":{"line":383,"column":67}},"line":383},"31":{"name":"(anonymous_31)","decl":{"start":{"line":384,"column":34},"end":{"line":384,"column":39}},"loc":{"start":{"line":384,"column":53},"end":{"line":384,"column":68}},"line":384},"32":{"name":"(anonymous_32)","decl":{"start":{"line":386,"column":38},"end":{"line":386,"column":43}},"loc":{"start":{"line":386,"column":57},"end":{"line":386,"column":72}},"line":386},"33":{"name":"(anonymous_33)","decl":{"start":{"line":387,"column":39},"end":{"line":387,"column":44}},"loc":{"start":{"line":387,"column":58},"end":{"line":387,"column":73}},"line":387},"34":{"name":"(anonymous_34)","decl":{"start":{"line":389,"column":34},"end":{"line":389,"column":39}},"loc":{"start":{"line":389,"column":53},"end":{"line":389,"column":68}},"line":389},"35":{"name":"(anonymous_35)","decl":{"start":{"line":390,"column":35},"end":{"line":390,"column":40}},"loc":{"start":{"line":390,"column":54},"end":{"line":390,"column":69}},"line":390},"36":{"name":"(anonymous_36)","decl":{"start":{"line":392,"column":35},"end":{"line":392,"column":40}},"loc":{"start":{"line":392,"column":51},"end":{"line":392,"column":63}},"line":392},"37":{"name":"(anonymous_37)","decl":{"start":{"line":393,"column":36},"end":{"line":393,"column":41}},"loc":{"start":{"line":393,"column":52},"end":{"line":393,"column":64}},"line":393},"38":{"name":"(anonymous_38)","decl":{"start":{"line":395,"column":36},"end":{"line":395,"column":41}},"loc":{"start":{"line":395,"column":52},"end":{"line":395,"column":64}},"line":395},"39":{"name":"(anonymous_39)","decl":{"start":{"line":396,"column":37},"end":{"line":396,"column":42}},"loc":{"start":{"line":396,"column":53},"end":{"line":396,"column":65}},"line":396},"40":{"name":"(anonymous_40)","decl":{"start":{"line":431,"column":33},"end":{"line":431,"column":38}},"loc":{"start":{"line":431,"column":45},"end":{"line":431,"column":53}},"line":431},"41":{"name":"(anonymous_41)","decl":{"start":{"line":432,"column":34},"end":{"line":432,"column":39}},"loc":{"start":{"line":432,"column":46},"end":{"line":432,"column":54}},"line":432},"42":{"name":"ensureActivitiNamespace","decl":{"start":{"line":447,"column":9},"end":{"line":447,"column":33}},"loc":{"start":{"line":447,"column":77},"end":{"line":460,"column":null}},"line":447},"43":{"name":"(anonymous_43)","decl":{"start":{"line":448,"column":70},"end":{"line":448,"column":76}},"loc":{"start":{"line":448,"column":93},"end":{"line":457,"column":null}},"line":448},"44":{"name":"extractFlowableDocumentState","decl":{"start":{"line":464,"column":16},"end":{"line":464,"column":45}},"loc":{"start":{"line":464,"column":81},"end":{"line":701,"column":null}},"line":464},"45":{"name":"mergeFlowableDocumentXml","decl":{"start":{"line":704,"column":16},"end":{"line":704,"column":null}},"loc":{"start":{"line":708,"column":10},"end":{"line":1084,"column":null}},"line":708},"46":{"name":"(anonymous_46)","decl":{"start":{"line":732,"column":37},"end":{"line":732,"column":42}},"loc":{"start":{"line":732,"column":49},"end":{"line":732,"column":57}},"line":732},"47":{"name":"(anonymous_47)","decl":{"start":{"line":733,"column":37},"end":{"line":733,"column":42}},"loc":{"start":{"line":733,"column":49},"end":{"line":733,"column":57}},"line":733},"48":{"name":"(anonymous_48)","decl":{"start":{"line":737,"column":38},"end":{"line":737,"column":43}},"loc":{"start":{"line":737,"column":50},"end":{"line":737,"column":58}},"line":737},"49":{"name":"(anonymous_49)","decl":{"start":{"line":738,"column":38},"end":{"line":738,"column":43}},"loc":{"start":{"line":738,"column":50},"end":{"line":738,"column":58}},"line":738},"50":{"name":"(anonymous_50)","decl":{"start":{"line":741,"column":60},"end":{"line":741,"column":65}},"loc":{"start":{"line":741,"column":72},"end":{"line":741,"column":80}},"line":741},"51":{"name":"(anonymous_51)","decl":{"start":{"line":744,"column":58},"end":{"line":744,"column":63}},"loc":{"start":{"line":744,"column":70},"end":{"line":744,"column":78}},"line":744},"52":{"name":"(anonymous_52)","decl":{"start":{"line":747,"column":54},"end":{"line":747,"column":59}},"loc":{"start":{"line":747,"column":66},"end":{"line":747,"column":74}},"line":747},"53":{"name":"(anonymous_53)","decl":{"start":{"line":749,"column":54},"end":{"line":749,"column":59}},"loc":{"start":{"line":749,"column":66},"end":{"line":749,"column":74}},"line":749},"54":{"name":"(anonymous_54)","decl":{"start":{"line":798,"column":35},"end":{"line":798,"column":40}},"loc":{"start":{"line":798,"column":50},"end":{"line":798,"column":92}},"line":798},"55":{"name":"(anonymous_55)","decl":{"start":{"line":799,"column":36},"end":{"line":799,"column":41}},"loc":{"start":{"line":799,"column":51},"end":{"line":799,"column":94}},"line":799},"56":{"name":"(anonymous_56)","decl":{"start":{"line":800,"column":33},"end":{"line":800,"column":38}},"loc":{"start":{"line":800,"column":51},"end":{"line":800,"column":103}},"line":800},"57":{"name":"(anonymous_57)","decl":{"start":{"line":801,"column":38},"end":{"line":801,"column":43}},"loc":{"start":{"line":801,"column":56},"end":{"line":801,"column":113}},"line":801},"58":{"name":"(anonymous_58)","decl":{"start":{"line":806,"column":33},"end":{"line":806,"column":38}},"loc":{"start":{"line":806,"column":45},"end":{"line":811,"column":null}},"line":806},"59":{"name":"(anonymous_59)","decl":{"start":{"line":979,"column":60},"end":{"line":979,"column":null}},"loc":{"start":{"line":980,"column":26},"end":{"line":980,"column":null}},"line":980},"60":{"name":"(anonymous_60)","decl":{"start":{"line":1001,"column":61},"end":{"line":1001,"column":null}},"loc":{"start":{"line":1002,"column":26},"end":{"line":1002,"column":null}},"line":1002},"61":{"name":"(anonymous_61)","decl":{"start":{"line":1022,"column":62},"end":{"line":1022,"column":69}},"loc":{"start":{"line":1022,"column":74},"end":{"line":1022,"column":107}},"line":1022},"62":{"name":"(anonymous_62)","decl":{"start":{"line":1054,"column":56},"end":{"line":1054,"column":null}},"loc":{"start":{"line":1055,"column":9},"end":{"line":1055,"column":null}},"line":1055}},"branchMap":{"0":{"loc":{"start":{"line":36,"column":9},"end":{"line":36,"column":null}},"type":"cond-expr","locations":[{"start":{"line":36,"column":34},"end":{"line":36,"column":41}},{"start":{"line":36,"column":41},"end":{"line":36,"column":null}}],"line":36},"1":{"loc":{"start":{"line":43,"column":2},"end":{"line":47,"column":null}},"type":"if","locations":[{"start":{"line":43,"column":2},"end":{"line":47,"column":null}},{"start":{},"end":{}}],"line":43},"2":{"loc":{"start":{"line":45,"column":16},"end":{"line":45,"column":83}},"type":"cond-expr","locations":[{"start":{"line":45,"column":29},"end":{"line":45,"column":52}},{"start":{"line":45,"column":55},"end":{"line":45,"column":83}}],"line":45},"3":{"loc":{"start":{"line":46,"column":7},"end":{"line":46,"column":null}},"type":"cond-expr","locations":[{"start":{"line":46,"column":20},"end":{"line":46,"column":40}},{"start":{"line":46,"column":40},"end":{"line":46,"column":null}}],"line":46},"4":{"loc":{"start":{"line":51,"column":2},"end":{"line":53,"column":null}},"type":"if","locations":[{"start":{"line":51,"column":2},"end":{"line":53,"column":null}},{"start":{},"end":{}}],"line":51},"5":{"loc":{"start":{"line":58,"column":2},"end":{"line":79,"column":null}},"type":"if","locations":[{"start":{"line":58,"column":2},"end":{"line":79,"column":null}},{"start":{"line":60,"column":13},"end":{"line":79,"column":null}}],"line":58},"6":{"loc":{"start":{"line":60,"column":13},"end":{"line":79,"column":null}},"type":"if","locations":[{"start":{"line":60,"column":13},"end":{"line":79,"column":null}},{"start":{"line":63,"column":13},"end":{"line":79,"column":null}}],"line":60},"7":{"loc":{"start":{"line":63,"column":13},"end":{"line":79,"column":null}},"type":"if","locations":[{"start":{"line":63,"column":13},"end":{"line":79,"column":null}},{"start":{"line":65,"column":9},"end":{"line":79,"column":null}}],"line":63},"8":{"loc":{"start":{"line":67,"column":3},"end":{"line":74,"column":null}},"type":"if","locations":[{"start":{"line":67,"column":3},"end":{"line":74,"column":null}},{"start":{},"end":{}}],"line":67},"9":{"loc":{"start":{"line":67,"column":7},"end":{"line":67,"column":67}},"type":"binary-expr","locations":[{"start":{"line":67,"column":7},"end":{"line":67,"column":38}},{"start":{"line":67,"column":38},"end":{"line":67,"column":67}}],"line":67},"10":{"loc":{"start":{"line":69,"column":4},"end":{"line":74,"column":null}},"type":"if","locations":[{"start":{"line":69,"column":4},"end":{"line":74,"column":null}},{"start":{},"end":{}}],"line":69},"11":{"loc":{"start":{"line":69,"column":8},"end":{"line":69,"column":59}},"type":"binary-expr","locations":[{"start":{"line":69,"column":8},"end":{"line":69,"column":26}},{"start":{"line":69,"column":26},"end":{"line":69,"column":59}}],"line":69},"12":{"loc":{"start":{"line":71,"column":5},"end":{"line":74,"column":null}},"type":"if","locations":[{"start":{"line":71,"column":5},"end":{"line":74,"column":null}},{"start":{},"end":{}}],"line":71},"13":{"loc":{"start":{"line":95,"column":8},"end":{"line":95,"column":null}},"type":"binary-expr","locations":[{"start":{"line":95,"column":8},"end":{"line":95,"column":26}},{"start":{"line":95,"column":26},"end":{"line":95,"column":56}},{"start":{"line":95,"column":60},"end":{"line":95,"column":null}}],"line":95},"14":{"loc":{"start":{"line":117,"column":1},"end":{"line":118,"column":null}},"type":"if","locations":[{"start":{"line":117,"column":1},"end":{"line":118,"column":null}},{"start":{},"end":{}}],"line":117},"15":{"loc":{"start":{"line":128,"column":17},"end":{"line":128,"column":null}},"type":"cond-expr","locations":[{"start":{"line":128,"column":61},"end":{"line":128,"column":85}},{"start":{"line":128,"column":85},"end":{"line":128,"column":null}}],"line":128},"16":{"loc":{"start":{"line":142,"column":14},"end":{"line":142,"column":null}},"type":"binary-expr","locations":[{"start":{"line":142,"column":14},"end":{"line":142,"column":42}},{"start":{"line":142,"column":46},"end":{"line":142,"column":null}}],"line":142},"17":{"loc":{"start":{"line":144,"column":19},"end":{"line":144,"column":null}},"type":"cond-expr","locations":[{"start":{"line":144,"column":81},"end":{"line":144,"column":96}},{"start":{"line":144,"column":96},"end":{"line":144,"column":null}}],"line":144},"18":{"loc":{"start":{"line":144,"column":19},"end":{"line":144,"column":81}},"type":"binary-expr","locations":[{"start":{"line":144,"column":19},"end":{"line":144,"column":35}},{"start":{"line":144,"column":35},"end":{"line":144,"column":81}}],"line":144},"19":{"loc":{"start":{"line":145,"column":15},"end":{"line":145,"column":null}},"type":"binary-expr","locations":[{"start":{"line":145,"column":15},"end":{"line":145,"column":44}},{"start":{"line":145,"column":44},"end":{"line":145,"column":null}}],"line":145},"20":{"loc":{"start":{"line":148,"column":9},"end":{"line":148,"column":25}},"type":"binary-expr","locations":[{"start":{"line":148,"column":9},"end":{"line":148,"column":17}},{"start":{"line":148,"column":17},"end":{"line":148,"column":25}}],"line":148},"21":{"loc":{"start":{"line":156,"column":28},"end":{"line":160,"column":null}},"type":"cond-expr","locations":[{"start":{"line":157,"column":4},"end":{"line":157,"column":null}},{"start":{"line":158,"column":4},"end":{"line":160,"column":null}}],"line":156},"22":{"loc":{"start":{"line":158,"column":4},"end":{"line":160,"column":null}},"type":"cond-expr","locations":[{"start":{"line":159,"column":5},"end":{"line":159,"column":null}},{"start":{"line":160,"column":5},"end":{"line":160,"column":null}}],"line":158},"23":{"loc":{"start":{"line":162,"column":2},"end":{"line":166,"column":null}},"type":"binary-expr","locations":[{"start":{"line":162,"column":2},"end":{"line":162,"column":56}},{"start":{"line":163,"column":2},"end":{"line":163,"column":31}},{"start":{"line":164,"column":2},"end":{"line":164,"column":36}},{"start":{"line":165,"column":2},"end":{"line":165,"column":44}},{"start":{"line":166,"column":2},"end":{"line":166,"column":null}}],"line":162},"24":{"loc":{"start":{"line":169,"column":29},"end":{"line":169,"column":70}},"type":"binary-expr","locations":[{"start":{"line":169,"column":29},"end":{"line":169,"column":58}},{"start":{"line":169,"column":62},"end":{"line":169,"column":70}}],"line":169},"25":{"loc":{"start":{"line":170,"column":10},"end":{"line":170,"column":null}},"type":"binary-expr","locations":[{"start":{"line":170,"column":10},"end":{"line":170,"column":39}},{"start":{"line":170,"column":43},"end":{"line":170,"column":null}}],"line":170},"26":{"loc":{"start":{"line":178,"column":6},"end":{"line":178,"column":null}},"type":"binary-expr","locations":[{"start":{"line":178,"column":6},"end":{"line":178,"column":32}},{"start":{"line":178,"column":36},"end":{"line":178,"column":null}}],"line":178},"27":{"loc":{"start":{"line":179,"column":8},"end":{"line":179,"column":null}},"type":"binary-expr","locations":[{"start":{"line":179,"column":8},"end":{"line":179,"column":36}},{"start":{"line":179,"column":40},"end":{"line":179,"column":null}}],"line":179},"28":{"loc":{"start":{"line":180,"column":9},"end":{"line":180,"column":null}},"type":"binary-expr","locations":[{"start":{"line":180,"column":9},"end":{"line":180,"column":37}},{"start":{"line":180,"column":41},"end":{"line":180,"column":null}}],"line":180},"29":{"loc":{"start":{"line":181,"column":13},"end":{"line":181,"column":53}},"type":"binary-expr","locations":[{"start":{"line":181,"column":13},"end":{"line":181,"column":45}},{"start":{"line":181,"column":49},"end":{"line":181,"column":53}}],"line":181},"30":{"loc":{"start":{"line":182,"column":13},"end":{"line":182,"column":57}},"type":"binary-expr","locations":[{"start":{"line":182,"column":13},"end":{"line":182,"column":45}},{"start":{"line":182,"column":49},"end":{"line":182,"column":57}}],"line":182},"31":{"loc":{"start":{"line":183,"column":13},"end":{"line":183,"column":57}},"type":"binary-expr","locations":[{"start":{"line":183,"column":13},"end":{"line":183,"column":45}},{"start":{"line":183,"column":49},"end":{"line":183,"column":57}}],"line":183},"32":{"loc":{"start":{"line":184,"column":16},"end":{"line":184,"column":null}},"type":"binary-expr","locations":[{"start":{"line":184,"column":16},"end":{"line":184,"column":47}},{"start":{"line":184,"column":51},"end":{"line":184,"column":null}}],"line":184},"33":{"loc":{"start":{"line":219,"column":12},"end":{"line":219,"column":93}},"type":"binary-expr","locations":[{"start":{"line":219,"column":12},"end":{"line":219,"column":42}},{"start":{"line":219,"column":46},"end":{"line":219,"column":86}},{"start":{"line":219,"column":90},"end":{"line":219,"column":93}}],"line":219},"34":{"loc":{"start":{"line":219,"column":96},"end":{"line":219,"column":null}},"type":"binary-expr","locations":[{"start":{"line":219,"column":96},"end":{"line":219,"column":126}},{"start":{"line":219,"column":130},"end":{"line":219,"column":null}}],"line":219},"35":{"loc":{"start":{"line":220,"column":10},"end":{"line":220,"column":null}},"type":"binary-expr","locations":[{"start":{"line":220,"column":10},"end":{"line":220,"column":40}},{"start":{"line":220,"column":44},"end":{"line":220,"column":null}}],"line":220},"36":{"loc":{"start":{"line":221,"column":20},"end":{"line":221,"column":null}},"type":"binary-expr","locations":[{"start":{"line":221,"column":20},"end":{"line":221,"column":60}},{"start":{"line":221,"column":64},"end":{"line":221,"column":null}}],"line":221},"37":{"loc":{"start":{"line":222,"column":10},"end":{"line":222,"column":null}},"type":"binary-expr","locations":[{"start":{"line":222,"column":10},"end":{"line":222,"column":40}},{"start":{"line":222,"column":44},"end":{"line":222,"column":null}}],"line":222},"38":{"loc":{"start":{"line":231,"column":19},"end":{"line":231,"column":null}},"type":"binary-expr","locations":[{"start":{"line":231,"column":19},"end":{"line":231,"column":51}},{"start":{"line":231,"column":51},"end":{"line":231,"column":null}}],"line":231},"39":{"loc":{"start":{"line":232,"column":14},"end":{"line":232,"column":null}},"type":"binary-expr","locations":[{"start":{"line":232,"column":14},"end":{"line":232,"column":57}},{"start":{"line":232,"column":61},"end":{"line":232,"column":95}},{"start":{"line":232,"column":99},"end":{"line":232,"column":null}}],"line":232},"40":{"loc":{"start":{"line":233,"column":19},"end":{"line":233,"column":null}},"type":"binary-expr","locations":[{"start":{"line":233,"column":19},"end":{"line":233,"column":67}},{"start":{"line":233,"column":71},"end":{"line":233,"column":110}},{"start":{"line":233,"column":114},"end":{"line":233,"column":null}}],"line":233},"41":{"loc":{"start":{"line":234,"column":23},"end":{"line":234,"column":null}},"type":"binary-expr","locations":[{"start":{"line":234,"column":23},"end":{"line":234,"column":59}},{"start":{"line":234,"column":59},"end":{"line":234,"column":null}}],"line":234},"42":{"loc":{"start":{"line":242,"column":2},"end":{"line":243,"column":null}},"type":"if","locations":[{"start":{"line":242,"column":2},"end":{"line":243,"column":null}},{"start":{},"end":{}}],"line":242},"43":{"loc":{"start":{"line":243,"column":25},"end":{"line":243,"column":50}},"type":"binary-expr","locations":[{"start":{"line":243,"column":25},"end":{"line":243,"column":46}},{"start":{"line":243,"column":46},"end":{"line":243,"column":50}}],"line":243},"44":{"loc":{"start":{"line":250,"column":16},"end":{"line":250,"column":null}},"type":"binary-expr","locations":[{"start":{"line":250,"column":16},"end":{"line":250,"column":46}},{"start":{"line":250,"column":50},"end":{"line":250,"column":null}}],"line":250},"45":{"loc":{"start":{"line":251,"column":19},"end":{"line":251,"column":null}},"type":"binary-expr","locations":[{"start":{"line":251,"column":19},"end":{"line":251,"column":48}},{"start":{"line":251,"column":52},"end":{"line":251,"column":90}},{"start":{"line":251,"column":94},"end":{"line":251,"column":null}}],"line":251},"46":{"loc":{"start":{"line":252,"column":22},"end":{"line":252,"column":null}},"type":"binary-expr","locations":[{"start":{"line":252,"column":22},"end":{"line":252,"column":64}},{"start":{"line":252,"column":68},"end":{"line":252,"column":119}},{"start":{"line":252,"column":123},"end":{"line":252,"column":null}}],"line":252},"47":{"loc":{"start":{"line":253,"column":21},"end":{"line":253,"column":null}},"type":"binary-expr","locations":[{"start":{"line":253,"column":21},"end":{"line":253,"column":55}},{"start":{"line":253,"column":59},"end":{"line":253,"column":null}}],"line":253},"48":{"loc":{"start":{"line":254,"column":22},"end":{"line":254,"column":null}},"type":"binary-expr","locations":[{"start":{"line":254,"column":22},"end":{"line":254,"column":57}},{"start":{"line":254,"column":61},"end":{"line":254,"column":null}}],"line":254},"49":{"loc":{"start":{"line":255,"column":20},"end":{"line":255,"column":null}},"type":"binary-expr","locations":[{"start":{"line":255,"column":20},"end":{"line":255,"column":53}},{"start":{"line":255,"column":57},"end":{"line":255,"column":null}}],"line":255},"50":{"loc":{"start":{"line":260,"column":1},"end":{"line":275,"column":null}},"type":"if","locations":[{"start":{"line":260,"column":1},"end":{"line":275,"column":null}},{"start":{"line":264,"column":12},"end":{"line":275,"column":null}}],"line":260},"51":{"loc":{"start":{"line":262,"column":23},"end":{"line":262,"column":null}},"type":"cond-expr","locations":[{"start":{"line":262,"column":34},"end":{"line":262,"column":61}},{"start":{"line":262,"column":61},"end":{"line":262,"column":null}}],"line":262},"52":{"loc":{"start":{"line":264,"column":12},"end":{"line":275,"column":null}},"type":"if","locations":[{"start":{"line":264,"column":12},"end":{"line":275,"column":null}},{"start":{"line":267,"column":12},"end":{"line":275,"column":null}}],"line":264},"53":{"loc":{"start":{"line":267,"column":12},"end":{"line":275,"column":null}},"type":"if","locations":[{"start":{"line":267,"column":12},"end":{"line":275,"column":null}},{"start":{"line":270,"column":12},"end":{"line":275,"column":null}}],"line":267},"54":{"loc":{"start":{"line":270,"column":12},"end":{"line":275,"column":null}},"type":"if","locations":[{"start":{"line":270,"column":12},"end":{"line":275,"column":null}},{"start":{"line":273,"column":8},"end":{"line":275,"column":null}}],"line":270},"55":{"loc":{"start":{"line":283,"column":14},"end":{"line":283,"column":null}},"type":"binary-expr","locations":[{"start":{"line":283,"column":14},"end":{"line":283,"column":48}},{"start":{"line":283,"column":52},"end":{"line":283,"column":null}}],"line":283},"56":{"loc":{"start":{"line":289,"column":1},"end":{"line":290,"column":null}},"type":"if","locations":[{"start":{"line":289,"column":1},"end":{"line":290,"column":null}},{"start":{},"end":{}}],"line":289},"57":{"loc":{"start":{"line":292,"column":1},"end":{"line":293,"column":null}},"type":"if","locations":[{"start":{"line":292,"column":1},"end":{"line":293,"column":null}},{"start":{},"end":{}}],"line":292},"58":{"loc":{"start":{"line":295,"column":1},"end":{"line":313,"column":null}},"type":"switch","locations":[{"start":{"line":296,"column":2},"end":{"line":298,"column":null}},{"start":{"line":299,"column":2},"end":{"line":301,"column":null}},{"start":{"line":302,"column":2},"end":{"line":304,"column":null}},{"start":{"line":305,"column":2},"end":{"line":307,"column":null}},{"start":{"line":308,"column":2},"end":{"line":310,"column":null}},{"start":{"line":311,"column":2},"end":{"line":313,"column":null}}],"line":295},"59":{"loc":{"start":{"line":320,"column":1},"end":{"line":321,"column":null}},"type":"if","locations":[{"start":{"line":320,"column":1},"end":{"line":321,"column":null}},{"start":{},"end":{}}],"line":320},"60":{"loc":{"start":{"line":323,"column":15},"end":{"line":325,"column":null}},"type":"cond-expr","locations":[{"start":{"line":324,"column":4},"end":{"line":324,"column":null}},{"start":{"line":325,"column":4},"end":{"line":325,"column":null}}],"line":323},"61":{"loc":{"start":{"line":331,"column":1},"end":{"line":332,"column":null}},"type":"if","locations":[{"start":{"line":331,"column":1},"end":{"line":332,"column":null}},{"start":{},"end":{}}],"line":331},"62":{"loc":{"start":{"line":334,"column":1},"end":{"line":335,"column":null}},"type":"if","locations":[{"start":{"line":334,"column":1},"end":{"line":335,"column":null}},{"start":{},"end":{}}],"line":334},"63":{"loc":{"start":{"line":343,"column":1},"end":{"line":344,"column":null}},"type":"if","locations":[{"start":{"line":343,"column":1},"end":{"line":344,"column":null}},{"start":{},"end":{}}],"line":343},"64":{"loc":{"start":{"line":346,"column":1},"end":{"line":347,"column":null}},"type":"if","locations":[{"start":{"line":346,"column":1},"end":{"line":347,"column":null}},{"start":{},"end":{}}],"line":346},"65":{"loc":{"start":{"line":350,"column":1},"end":{"line":351,"column":null}},"type":"if","locations":[{"start":{"line":350,"column":1},"end":{"line":351,"column":null}},{"start":{},"end":{}}],"line":350},"66":{"loc":{"start":{"line":353,"column":1},"end":{"line":354,"column":null}},"type":"if","locations":[{"start":{"line":353,"column":1},"end":{"line":354,"column":null}},{"start":{},"end":{}}],"line":353},"67":{"loc":{"start":{"line":363,"column":1},"end":{"line":364,"column":null}},"type":"if","locations":[{"start":{"line":363,"column":1},"end":{"line":364,"column":null}},{"start":{},"end":{}}],"line":363},"68":{"loc":{"start":{"line":363,"column":5},"end":{"line":363,"column":39}},"type":"binary-expr","locations":[{"start":{"line":363,"column":5},"end":{"line":363,"column":23}},{"start":{"line":363,"column":23},"end":{"line":363,"column":39}}],"line":363},"69":{"loc":{"start":{"line":367,"column":14},"end":{"line":367,"column":null}},"type":"binary-expr","locations":[{"start":{"line":367,"column":14},"end":{"line":367,"column":31}},{"start":{"line":367,"column":31},"end":{"line":367,"column":null}}],"line":367},"70":{"loc":{"start":{"line":368,"column":1},"end":{"line":369,"column":null}},"type":"if","locations":[{"start":{"line":368,"column":1},"end":{"line":369,"column":null}},{"start":{},"end":{}}],"line":368},"71":{"loc":{"start":{"line":373,"column":6},"end":{"line":373,"column":null}},"type":"binary-expr","locations":[{"start":{"line":373,"column":6},"end":{"line":373,"column":27}},{"start":{"line":373,"column":27},"end":{"line":373,"column":48}},{"start":{"line":373,"column":48},"end":{"line":373,"column":null}}],"line":373},"72":{"loc":{"start":{"line":374,"column":8},"end":{"line":374,"column":null}},"type":"binary-expr","locations":[{"start":{"line":374,"column":8},"end":{"line":374,"column":31}},{"start":{"line":374,"column":31},"end":{"line":374,"column":54}},{"start":{"line":374,"column":54},"end":{"line":374,"column":null}}],"line":374},"73":{"loc":{"start":{"line":376,"column":7},"end":{"line":376,"column":46}},"type":"binary-expr","locations":[{"start":{"line":376,"column":7},"end":{"line":376,"column":44}},{"start":{"line":376,"column":44},"end":{"line":376,"column":46}}],"line":376},"74":{"loc":{"start":{"line":377,"column":7},"end":{"line":377,"column":null}},"type":"binary-expr","locations":[{"start":{"line":377,"column":7},"end":{"line":377,"column":44}},{"start":{"line":377,"column":44},"end":{"line":377,"column":null}}],"line":377},"75":{"loc":{"start":{"line":379,"column":19},"end":{"line":381,"column":72}},"type":"cond-expr","locations":[{"start":{"line":380,"column":5},"end":{"line":380,"column":65}},{"start":{"line":381,"column":5},"end":{"line":381,"column":72}}],"line":379},"76":{"loc":{"start":{"line":381,"column":5},"end":{"line":381,"column":72}},"type":"binary-expr","locations":[{"start":{"line":381,"column":5},"end":{"line":381,"column":66}},{"start":{"line":381,"column":70},"end":{"line":381,"column":72}}],"line":381},"77":{"loc":{"start":{"line":382,"column":17},"end":{"line":384,"column":76}},"type":"cond-expr","locations":[{"start":{"line":383,"column":5},"end":{"line":383,"column":69}},{"start":{"line":384,"column":5},"end":{"line":384,"column":76}}],"line":382},"78":{"loc":{"start":{"line":384,"column":5},"end":{"line":384,"column":76}},"type":"binary-expr","locations":[{"start":{"line":384,"column":5},"end":{"line":384,"column":70}},{"start":{"line":384,"column":74},"end":{"line":384,"column":76}}],"line":384},"79":{"loc":{"start":{"line":385,"column":22},"end":{"line":387,"column":81}},"type":"cond-expr","locations":[{"start":{"line":386,"column":5},"end":{"line":386,"column":74}},{"start":{"line":387,"column":5},"end":{"line":387,"column":81}}],"line":385},"80":{"loc":{"start":{"line":387,"column":5},"end":{"line":387,"column":81}},"type":"binary-expr","locations":[{"start":{"line":387,"column":5},"end":{"line":387,"column":75}},{"start":{"line":387,"column":79},"end":{"line":387,"column":81}}],"line":387},"81":{"loc":{"start":{"line":388,"column":18},"end":{"line":390,"column":77}},"type":"cond-expr","locations":[{"start":{"line":389,"column":5},"end":{"line":389,"column":70}},{"start":{"line":390,"column":5},"end":{"line":390,"column":77}}],"line":388},"82":{"loc":{"start":{"line":390,"column":5},"end":{"line":390,"column":77}},"type":"binary-expr","locations":[{"start":{"line":390,"column":5},"end":{"line":390,"column":71}},{"start":{"line":390,"column":75},"end":{"line":390,"column":77}}],"line":390},"83":{"loc":{"start":{"line":391,"column":19},"end":{"line":393,"column":72}},"type":"cond-expr","locations":[{"start":{"line":392,"column":5},"end":{"line":392,"column":65}},{"start":{"line":393,"column":5},"end":{"line":393,"column":72}}],"line":391},"84":{"loc":{"start":{"line":393,"column":5},"end":{"line":393,"column":72}},"type":"binary-expr","locations":[{"start":{"line":393,"column":5},"end":{"line":393,"column":66}},{"start":{"line":393,"column":70},"end":{"line":393,"column":72}}],"line":393},"85":{"loc":{"start":{"line":394,"column":20},"end":{"line":396,"column":73}},"type":"cond-expr","locations":[{"start":{"line":395,"column":5},"end":{"line":395,"column":66}},{"start":{"line":396,"column":5},"end":{"line":396,"column":73}}],"line":394},"86":{"loc":{"start":{"line":396,"column":5},"end":{"line":396,"column":73}},"type":"binary-expr","locations":[{"start":{"line":396,"column":5},"end":{"line":396,"co
[...]
mn":24}},{"start":{"line":159,"column":24},"end":{"line":159,"column":46}},{"start":{"line":159,"column":46},"end":{"line":159,"column":67}}],"line":159},"52":{"loc":{"start":{"line":165,"column":3},"end":{"line":173,"column":null}},"type":"if","locations":[{"start":{"line":165,"column":3},"end":{"line":173,"column":null}},{"start":{},"end":{}}],"line":165},"53":{"loc":{"start":{"line":167,"column":18},"end":{"line":167,"column":null}},"type":"binary-expr","locations":[{"start":{"line":167,"column":18},"end":{"line":167,"column":63}},{"start":{"line":167,"column":63},"end":{"line":167,"column":null}}],"line":167},"54":{"loc":{"start":{"line":172,"column":4},"end":{"line":173,"column":null}},"type":"if","locations":[{"start":{"line":172,"column":4},"end":{"line":173,"column":null}},{"start":{},"end":{}}],"line":172},"55":{"loc":{"start":{"line":178,"column":3},"end":{"line":183,"column":null}},"type":"if","locations":[{"start":{"line":178,"column":3},"end":{"line":183,"column":null}},{"start":{},"end":{}}],"line":178},"56":{"loc":{"start":{"line":178,"column":7},"end":{"line":178,"column":66}},"type":"binary-expr","locations":[{"start":{"line":178,"column":7},"end":{"line":178,"column":37}},{"start":{"line":178,"column":37},"end":{"line":178,"column":66}}],"line":178},"57":{"loc":{"start":{"line":192,"column":2},"end":{"line":193,"column":null}},"type":"if","locations":[{"start":{"line":192,"column":2},"end":{"line":193,"column":null}},{"start":{},"end":{}}],"line":192},"58":{"loc":{"start":{"line":192,"column":6},"end":{"line":192,"column":55}},"type":"binary-expr","locations":[{"start":{"line":192,"column":6},"end":{"line":192,"column":29}},{"start":{"line":192,"column":29},"end":{"line":192,"column":55}}],"line":192},"59":{"loc":{"start":{"line":212,"column":1},"end":{"line":214,"column":null}},"type":"if","locations":[{"start":{"line":212,"column":1},"end":{"line":214,"column":null}},{"start":{},"end":{}}],"line":212},"60":{"loc":{"start":{"line":212,"column":5},"end":{"line":212,"column":66}},"type":"binary-expr","locations":[{"start":{"line":212,"column":5},"end":{"line":212,"column":21}},{"start":{"line":212,"column":21},"end":{"line":212,"column":66}}],"line":212},"61":{"loc":{"start":{"line":219,"column":1},"end":{"line":224,"column":null}},"type":"if","locations":[{"start":{"line":219,"column":1},"end":{"line":224,"column":null}},{"start":{},"end":{}}],"line":219},"62":{"loc":{"start":{"line":222,"column":2},"end":{"line":224,"column":null}},"type":"if","locations":[{"start":{"line":222,"column":2},"end":{"line":224,"column":null}},{"start":{},"end":{}}],"line":222},"63":{"loc":{"start":{"line":229,"column":20},"end":{"line":229,"column":null}},"type":"binary-expr","locations":[{"start":{"line":229,"column":20},"end":{"line":229,"column":46}},{"start":{"line":229,"column":50},"end":{"line":229,"column":null}}],"line":229},"64":{"loc":{"start":{"line":230,"column":2},"end":{"line":232,"column":null}},"type":"if","locations":[{"start":{"line":230,"column":2},"end":{"line":232,"column":null}},{"start":{},"end":{}}],"line":230},"65":{"loc":{"start":{"line":238,"column":2},"end":{"line":239,"column":null}},"type":"if","locations":[{"start":{"line":238,"column":2},"end":{"line":239,"column":null}},{"start":{},"end":{}}],"line":238},"66":{"loc":{"start":{"line":243,"column":2},"end":{"line":244,"column":null}},"type":"if","locations":[{"start":{"line":243,"column":2},"end":{"line":244,"column":null}},{"start":{},"end":{}}],"line":243},"67":{"loc":{"start":{"line":249,"column":3},"end":{"line":250,"column":null}},"type":"if","locations":[{"start":{"line":249,"column":3},"end":{"line":250,"column":null}},{"start":{},"end":{}}],"line":249},"68":{"loc":{"start":{"line":249,"column":7},"end":{"line":249,"column":57}},"type":"binary-expr","locations":[{"start":{"line":249,"column":7},"end":{"line":249,"column":25}},{"start":{"line":249,"column":25},"end":{"line":249,"column":57}}],"line":249},"69":{"loc":{"start":{"line":252,"column":3},"end":{"line":253,"column":null}},"type":"if","locations":[{"start":{"line":252,"column":3},"end":{"line":253,"column":null}},{"start":{},"end":{}}],"line":252},"70":{"loc":{"start":{"line":252,"column":7},"end":{"line":252,"column":57}},"type":"binary-expr","locations":[{"start":{"line":252,"column":7},"end":{"line":252,"column":25}},{"start":{"line":252,"column":25},"end":{"line":252,"column":57}}],"line":252},"71":{"loc":{"start":{"line":261,"column":3},"end":{"line":261,"column":null}},"type":"if","locations":[{"start":{"line":261,"column":3},"end":{"line":261,"column":null}},{"start":{},"end":{}}],"line":261},"72":{"loc":{"start":{"line":262,"column":3},"end":{"line":262,"column":null}},"type":"if","locations":[{"start":{"line":262,"column":3},"end":{"line":262,"column":null}},{"start":{},"end":{}}],"line":262},"73":{"loc":{"start":{"line":271,"column":3},"end":{"line":272,"column":null}},"type":"if","locations":[{"start":{"line":271,"column":3},"end":{"line":272,"column":null}},{"start":{},"end":{}}],"line":271},"74":{"loc":{"start":{"line":271,"column":7},"end":{"line":271,"column":36}},"type":"binary-expr","locations":[{"start":{"line":271,"column":7},"end":{"line":271,"column":15}},{"start":{"line":271,"column":15},"end":{"line":271,"column":36}}],"line":271},"75":{"loc":{"start":{"line":278,"column":3},"end":{"line":278,"column":null}},"type":"if","locations":[{"start":{"line":278,"column":3},"end":{"line":278,"column":null}},{"start":{},"end":{}}],"line":278},"76":{"loc":{"start":{"line":280,"column":3},"end":{"line":282,"column":null}},"type":"if","locations":[{"start":{"line":280,"column":3},"end":{"line":282,"column":null}},{"start":{},"end":{}}],"line":280},"77":{"loc":{"start":{"line":280,"column":7},"end":{"line":280,"column":68}},"type":"binary-expr","locations":[{"start":{"line":280,"column":7},"end":{"line":280,"column":37}},{"start":{"line":280,"column":37},"end":{"line":280,"column":68}}],"line":280},"78":{"loc":{"start":{"line":281,"column":4},"end":{"line":282,"column":null}},"type":"if","locations":[{"start":{"line":281,"column":4},"end":{"line":282,"column":null}},{"start":{},"end":{}}],"line":281},"79":{"loc":{"start":{"line":286,"column":3},"end":{"line":288,"column":null}},"type":"if","locations":[{"start":{"line":286,"column":3},"end":{"line":288,"column":null}},{"start":{},"end":{}}],"line":286},"80":{"loc":{"start":{"line":287,"column":4},"end":{"line":288,"column":null}},"type":"if","locations":[{"start":{"line":287,"column":4},"end":{"line":288,"column":null}},{"start":{},"end":{}}],"line":287}},"s":{"0":1,"1":157,"2":54,"3":218,"4":15,"5":15,"6":15,"7":15,"8":15,"9":15,"10":78,"11":78,"12":78,"13":31,"14":31,"15":31,"16":0,"17":31,"18":0,"19":31,"20":3,"21":31,"22":31,"23":47,"24":46,"25":0,"26":46,"27":46,"28":14,"29":46,"30":16,"31":46,"32":4,"33":4,"34":4,"35":4,"36":4,"37":1,"38":4,"39":4,"40":0,"41":0,"42":0,"43":0,"44":0,"45":0,"46":0,"47":0,"48":0,"49":0,"50":4,"51":0,"52":0,"53":0,"54":0,"55":0,"56":0,"57":0,"58":0,"59":4,"60":0,"61":0,"62":0,"63":0,"64":0,"65":0,"66":0,"67":0,"68":46,"69":0,"70":0,"71":0,"72":0,"73":0,"74":0,"75":46,"76":2,"77":2,"78":1,"79":46,"80":4,"81":5,"82":4,"83":3,"84":5,"85":2,"86":2,"87":1,"88":46,"89":4,"90":4,"91":4,"92":4,"93":2,"94":46,"95":1,"96":5,"97":1,"98":0,"99":0,"100":1,"101":1,"102":46,"103":1,"104":1,"105":2,"106":1,"107":15,"108":1,"109":3,"110":1,"111":1,"112":1,"113":1,"114":15,"115":16,"116":16,"117":16,"118":1,"119":1,"120":15,"121":15,"122":0,"123":0,"124":15,"125":15,"126":1,"127":1,"128":1,"129":1,"130":14,"131":14,"132":14,"133":0,"134":0,"135":14,"136":14,"137":1,"138":14,"139":1,"140":14,"141":31,"142":0,"143":31,"144":1,"145":14,"146":14,"147":14,"148":31,"149":31,"150":31,"151":31,"152":14,"153":14,"154":14,"155":14,"156":172,"157":172,"158":172,"159":46,"160":14,"161":46,"162":46,"163":0,"164":46,"165":32,"166":2,"167":46,"168":30,"169":2,"170":14},"f":{"0":157,"1":54,"2":218,"3":15,"4":3,"5":0,"6":0,"7":0,"8":0,"9":0,"10":0,"11":0,"12":0,"13":0,"14":5,"15":5,"16":0,"17":0,"18":3,"19":1,"20":16},"b":{"0":[157,0,0],"1":[78,0],"2":[31,47],"3":[31,0],"4":[31,0],"5":[0,31],"6":[0,31],"7":[46,1],"8":[0,46],"9":[14,32],"10":[16,30],"11":[4,42],"12":[4,1],"13":[4,4],"14":[4,4],"15":[4,4],"16":[1,3],"17":[4,1,1,1],"18":[4,4,4],"19":[0,4],"20":[0,0],"21":[0,0],"22":[0,0],"23":[0,0],"24":[0,4],"25":[0,0],"26":[0,0],"27":[0,0],"28":[0,4],"29":[0,0],"30":[0,0],"31":[0,0],"32":[0,46],"33":[0,0],"34":[0,0],"35":[2,44],"36":[46,44],"37":[2,1],"38":[1,1],"39":[4,42],"40":[46,42],"41":[3,1],"42":[2,3],"43":[2,0],"44":[1,1],"45":[2,2],"46":[4,42],"47":[4,2],"48":[4,4],"49":[4,3],"50":[2,2],"51":[4,2,2],"52":[1,45],"53":[5,0],"54":[1,0],"55":[1,45],"56":[46,46],"57":[1,0],"58":[1,1],"59":[0,15],"60":[15,15],"61":[1,14],"62":[1,0],"63":[14,0],"64":[0,14],"65":[1,13],"66":[1,13],"67":[0,31],"68":[31,31],"69":[1,30],"70":[31,31],"71":[31,0],"72":[31,0],"73":[46,126],"74":[172,125],"75":[0,46],"76":[32,14],"77":[46,32],"78":[2,30],"79":[30,16],"80":[2,28]},"meta":{"lastBranch":81,"lastFunction":21,"lastStatement":171,"seen":{"s:5:22:11:2":0,"f:13:9:13:22":0,"s:14:1:14:Infinity":1,"b:14:8:14:26:14:26:14:56:14:60:14:Infinity":0,"f:17:9:17:28":1,"s:18:1:20:Infinity":2,"f:18:39:18:Infinity":2,"s:19:32:19:Infinity":3,"f:30:9:30:Infinity":3,"s:34:21:34:38":4,"s:35:39:35:41":5,"s:36:42:36:44":6,"s:37:23:37:Infinity":7,"s:38:21:38:Infinity":8,"s:40:1:183:Infinity":9,"s:41:20:41:39":10,"s:42:13:42:Infinity":11,"b:42:13:42:37:42:41:42:Infinity":1,"b:44:2:55:Infinity:undefined:undefined:undefined:undefined":2,"s:44:2:55:Infinity":12,"s:45:21:45:Infinity":13,"b:45:21:45:52:45:56:45:Infinity":3,"s:46:21:46:Infinity":14,"b:46:21:46:52:46:56:46:Infinity":4,"b:47:3:48:Infinity:undefined:undefined:undefined:undefined":5,"s:47:3:48:Infinity":15,"s:48:4:48:Infinity":16,"b:50:3:51:Infinity:undefined:undefined:undefined:undefined":6,"s:50:3:51:Infinity":17,"s:51:4:51:Infinity":18,"s:53:24:53:104":19,"f:53:50:53:56":4,"s:53:62:53:104":20,"s:54:3:54:Infinity":21,"s:55:3:55:Infinity":22,"b:58:2:183:Infinity:undefined:undefined:undefined:undefined":7,"s:58:2:183:Infinity":23,"b:59:3:62:Infinity:61:10:62:Infinity":8,"s:59:3:62:Infinity":24,"s:60:4:60:Infinity":25,"s:62:4:62:Infinity":26,"b:65:3:66:Infinity:undefined:undefined:undefined:undefined":9,"s:65:3:66:Infinity":27,"s:66:4:66:Infinity":28,"b:68:3:69:Infinity:undefined:undefined:undefined:undefined":10,"s:68:3:69:Infinity":29,"s:69:4:69:Infinity":30,"b:73:3:112:Infinity:undefined:undefined:undefined:undefined":11,"s:73:3:112:Infinity":31,"s:74:21:74:88":32,"b:74:21:74:57:74:61:74:88":12,"s:75:26:75:103":33,"b:75:26:75:67:75:71:75:103":13,"s:76:24:76:117":34,"b:76:24:76:73:76:77:76:117":14,"s:77:20:77:85":35,"b:77:20:77:55:77:59:77:85":15,"b:78:4:79:Infinity:undefined:undefined:undefined:undefined":16,"s:78:4:79:Infinity":36,"b:78:8:78:21:78:21:78:39:78:39:78:55:78:55:78:65":17,"s:79:5:79:Infinity":37,"s:83:21:83:Infinity":38,"b:83:21:83:56:83:60:83:86:83:90:83:Infinity":18,"b:84:4:92:Infinity:undefined:undefined:undefined:undefined":19,"s:84:4:92:Infinity":39,"s:85:25:85:103":40,"f:85:51:85:57":5,"s:85:63:85:103":41,"s:86:20:86:113":42,"b:86:34:86:108:86:111:86:113":20,"f:86:66:86:74":6,"s:86:80:86:108":43,"s:87:24:87:80":44,"f:87:39:87:44":7,"s:87:50:87:79":45,"b:87:50:87:72:87:76:87:79":21,"b:88:5:89:Infinity:undefined:undefined:undefined:undefined":22,"s:88:5:89:Infinity":46,"s:89:6:89:Infinity":47,"b:91:5:92:Infinity:undefined:undefined:undefined:undefined":23,"s:91:5:92:Infinity":48,"s:92:6:92:Infinity":49,"b:97:4:102:Infinity:undefined:undefined:undefined:undefined":24,"s:97:4:102:Infinity":50,"s:98:25:98:103":51,"f:98:51:98:57":8,"s:98:63:98:103":52,"s:99:20:99:113":53,"b:99:34:99:108:99:111:99:113":25,"f:99:66:99:74":9,"s:99:80:99:108":54,"s:100:24:100:80":55,"f:100:39:100:44":10,"s:100:50:100:79":56,"b:100:50:100:72:100:76:100:79":26,"b:101:5:102:Infinity:undefined:undefined:undefined:undefined":27,"s:101:5:102:Infinity":57,"s:102:6:102:Infinity":58,"b:107:4:112:Infinity:undefined:undefined:undefined:undefined":28,"s:107:4:112:Infinity":59,"s:108:25:108:103":60,"f:108:51:108:57":11,"s:108:63:108:103":61,"s:109:20:109:113":62,"b:109:34:109:108:109:111:109:113":29,"f:109:66:109:74":12,"s:109:80:109:108":63,"s:110:24:110:80":64,"f:110:39:110:44":13,"s:110:50:110:79":65,"b:110:50:110:72:110:76:110:79":30,"b:111:5:112:Infinity:undefined:undefined:undefined:undefined":31,"s:111:5:112:Infinity":66,"s:112:6:112:Infinity":67,"b:118:3:126:Infinity:undefined:undefined:undefined:undefined":32,"s:118:3:126:Infinity":68,"s:119:20:119:Infinity":69,"s:120:4:122:Infinity":70,"b:121:5:122:Infinity:undefined:undefined:undefined:undefined":33,"s:121:5:122:Infinity":71,"s:122:6:122:Infinity":72,"b:125:4:126:Infinity:undefined:undefined:undefined:undefined":34,"s:125:4:126:Infinity":73,"s:126:5:126:Infinity":74,"b:131:3:135:Infinity:undefined:undefined:undefined:undefined":35,"s:131:3:135:Infinity":75,"b:131:7:131:43:131:43:131:77":36,"s:132:24:132:Infinity":76,"b:132:24:132:53:132:57:132:Infinity":37,"b:133:4:135:Infinity:undefined:undefined:undefined:undefined":38,"s:133:4:135:Infinity":77,"s:135:5:135:Infinity":78,"b:140:3:147:Infinity:undefined:undefined:undefined:undefined":39,"s:140:3:147:Infinity":79,"b:140:7:140:58:140:58:140:98":40,"s:141:24:141:102":80,"f:141:50:141:56":14,"s:141:62:141:102":81,"b:142:4:147:Infinity:undefined:undefined:undefined:undefined":41,"s:142:4:147:Infinity":82,"s:143:5:147:Infinity":83,"b:144:6:147:Infinity:undefined:undefined:undefined:undefined":42,"s:144:6:147:Infinity":84,"s:145:13:145:56":85,"b:145:22:145:46:145:46:145:50":43,"b:146:7:147:Infinity:undefined:undefined:undefined:undefined":44,"s:146:7:147:Infinity":86,"b:146:11:146:20:146:20:146:42":45,"s:147:8:147:Infinity":87,"b:155:3:160:Infinity:undefined:undefined:undefined:undefined":46,"s:155:3:160:Infinity":88,"s:156:24:156:97":89,"b:156:24:156:63:156:67:156:97":47,"s:157:30:157:115":90,"b:157:30:157:75:157:79:157:115":48,"s:158:31:158:118":91,"b:158:31:158:77:158:81:158:118":49,"b:159:4:160:Infinity:undefined:undefined:undefined:undefined":50,"s:159:4:160:Infinity":92,"b:159:8:159:24:159:24:159:46:159:46:159:67":51,"s:160:5:160:Infinity":93,"b:165:3:173:Infinity:undefined:undefined:undefined:undefined":52,"s:165:3:173:Infinity":94,"s:166:27:167:Infinity":95,"f:166:62:166:Infinity":15,"s:167:18:167:Infinity":96,"b:167:18:167:63:167:63:167:Infinity":53,"s:169:30:170:Infinity":97,"f:169:45:169:51":16,"s:170:5:170:84":98,"f:170:28:170:34":17,"s:170:40:170:84":99,"b:172:4:173:Infinity:undefined:undefined:undefined:undefined":54,"s:172:4:173:Infinity":100,"s:173:5:173:Infinity":101,"b:178:3:183:Infinity:undefined:undefined:undefined:undefined":55,"s:178:3:183:Infinity":102,"b:178:7:178:37:178:37:178:66":56,"s:179:16:179:53":103,"s:180:4:181:Infinity":104,"s:181:5:181:Infinity":105,"s:183:4:183:Infinity":106,"s:189:1:193:Infinity":107,"s:190:24:190:78":108,"f:190:38:190:46":18,"s:190:52:190:78":109,"s:191:30:191:71":110,"f:191:44:191:50":19,"s:191:56:191:71":111,"b:192:2:193:Infinity:undefined:undefined:undefined:undefined":57,"s:192:2:193:Infinity":112,"b:192:6:192:29:192:29:192:55":58,"s:193:3:193:Infinity":113,"s:197:1:197:Infinity":114,"f:200:16:200:32":20,"s:201:39:201:41":115,"s:204:1:208:Infinity":116,"s:205:2:205:Infinity":117,"s:207:2:207:Infinity":118,"s:208:2:208:Infinity":119,"s:211:21:211:Infinity":120,"b:212:1:214:Infinity:undefined:undefined:undefined:undefined":59,"s:212:1:214:Infinity":121,"b:212:5:212:21:212:21:212:66":60,"s:213:2:213:Infinity":122,"s:214:2:214:Infinity":123,"s:218:19:218:71":124,"b:219:1:224:Infinity:undefined:undefined:undefined:undefined":61,"s:219:1:224:Infinity":125,"s:221:23:221:79":126,"b:222:2:224:Infinity:undefined:undefined:undefined:undefined":62,"s:222:2:224:Infinity":127,"s:223:3:223:Infinity":128,"s:224:3:224:Infinity":129,"s:228:1:288:Infinity":130,"s:229:20:229:Infinity":131,"b:229:20:229:46:229:50:229:Infinity":63,"b:230:2:232:Infinity:undefined:undefined:undefined:undefined":64,"s:230:2:232:Infinity":132,"s:231:3:231:Infinity":133,"s:232:3:232:Infinity":134,"s:235:73:235:126":135,"b:238:2:239:Infinity:undefined:undefined:undefined:undefined":65,"s:238:2:239:Infinity":136,"s:239:3:239:Infinity":137,"b:243:2:244:Infinity:undefined:undefined:undefined:undefined":66,"s:243:2:244:Infinity":138,"s:244:3:244:Infinity":139,"s:248:2:253:Infinity":140,"b:249:3:250:Infinity:undefined:undefined:undefined:undefined":67,"s:249:3:250:Infinity":141,"b:249:7:249:25:249:25:249:57":68,"s:250:4:250:Infinity":142,"b:252:3:253:Infinity:undefined:undefined:undefined:undefined":69,"s:252:3:253:Infinity":143,"b:252:7:252:25:252:25:252:57":70,"s:253:4:253:Infinity":144,"s:258:28:258:45":145,"s:259:28:259:45":146,"s:260:2:262:Infinity":147,"b:261:3:261:Infinity:undefined:undefined:undefined:undefined":71,"s:261:3:261:Infinity":148,"s:261:25:261:Infinity":149,"b:262:3:262:Infinity:undefined:undefined:undefined:undefined":72,"s:262:3:262:Infinity":150,"s:262:25:262:Infinity":151,"s:266:22:266:47":152,"s:267:22:267:56":153,"s:268:2:272:Infinity":154,"s:268:15:268:18":155,"s:269:14:269:Infinity":156,"s:270:16:270:38":157,"b:271:3:272:Infinity:undefined:undefined:undefined:undefined":73,"s:271:3:272:Infinity":158,"b:271:7:271:15:271:15:271:36":74,"s:272:4:272:Infinity":159,"s:276:2:288:Infinity":160,"s:277:21:277:44":161,"b:278:3:278:Infinity:undefined:undefined:undefined:undefined":75,"s:278:3:278:Infinity":162,"s:278:21:278:Infinity":163,"b:280:3:282:Infinity:undefined:undefined:undefined:undefined":76,"s:280:3:282:Infinity":164,"b:280:7:280:37:280:37:280:68":77,"b:281:4:282:Infinity:undefined:undefined:undefined:undefined":78,"s:281:4:282:Infinity":165,"s:282:5:282:Infinity":166,"b:286:3:288:Infinity:undefined:undefined:undefined:undefined":79,"s:286:3:288:Infinity":167,"b:287:4:288:Infinity:undefined:undefined:undefined:undefined":80,"s:287:4:288:Infinity":168,"s:288:5:288:Infinity":169,"s:294:1:294:Infinity":170}}}
,"/home/tomasz/Pulpit/vsc-flowable-designer/src/web/flowable/xmlParser.ts": {"path":"/home/tomasz/Pulpit/vsc-flowable-designer/src/web/flowable/xmlParser.ts","statementMap":{"0":{"start":{"line":8,"column":1},"end":{"line":9,"column":null}},"1":{"start":{"line":9,"column":2},"end":{"line":9,"column":null}},"2":{"start":{"line":12,"column":18},"end":{"line":12,"column":73}},"3":{"start":{"line":13,"column":22},"end":{"line":13,"column":66}},"4":{"start":{"line":15,"column":1},"end":{"line":16,"column":null}},"5":{"start":{"line":16,"column":2},"end":{"line":16,"column":null}},"6":{"start":{"line":19,"column":1},"end":{"line":19,"column":null}}},"fnMap":{"0":{"name":"parseXmlDocument","decl":{"start":{"line":7,"column":16},"end":{"line":7,"column":33}},"loc":{"start":{"line":7,"column":59},"end":{"line":19,"column":null}},"line":7}},"branchMap":{"0":{"loc":{"start":{"line":8,"column":1},"end":{"line":9,"column":null}},"type":"if","locations":[{"start":{"line":8,"column":1},"end":{"line":9,"column":null}},{"start":{},"end":{}}],"line":8},"1":{"loc":{"start":{"line":15,"column":1},"end":{"line":16,"column":null}},"type":"if","locations":[{"start":{"line":15,"column":1},"end":{"line":16,"column":null}},{"start":{},"end":{}}],"line":15},"2":{"loc":{"start":{"line":16,"column":18},"end":{"line":16,"column":74}},"type":"binary-expr","locations":[{"start":{"line":16,"column":18},"end":{"line":16,"column":50}},{"start":{"line":16,"column":50},"end":{"line":16,"column":74}}],"line":16}},"s":{"0":215,"1":1,"2":214,"3":214,"4":214,"5":0,"6":212},"f":{"0":215},"b":{"0":[1,214],"1":[0,214],"2":[0,0]},"meta":{"lastBranch":3,"lastFunction":1,"lastStatement":7,"seen":{"f:7:16:7:33":0,"b:8:1:9:Infinity:undefined:undefined:undefined:undefined":0,"s:8:1:9:Infinity":0,"s:9:2:9:Infinity":1,"s:12:18:12:73":2,"s:13:22:13:66":3,"b:15:1:16:Infinity:undefined:undefined:undefined:undefined":1,"s:15:1:16:Infinity":4,"s:16:2:16:Infinity":5,"b:16:18:16:50:16:50:16:74":2,"s:19:1:19:Infinity":6}}}
}
